This is LuaHBTeX, Version 1.24.0 (MiKTeX 25.12) (format=lualatex 2026.4.21)  23 APR 2026 10:13
 restricted system commands enabled.
**main.tex
(./main.tex
LaTeX2e <2025-11-01>
L3 programming layer <2025-12-24>
Lua module: luaotfload 2024-12-03 v3.29 Lua based OpenType font support
Lua module: lualibs 2023-07-13 v2.76 ConTeXt Lua standard libraries.
Lua module: lualibs-extended 2023-07-13 v2.76 ConTeXt Lua libraries -- extended 
collection.
luaotfload | conf : Root cache directory is "C:/Users/cosas/AppData/Local/MiKTeX
/luatex-cache/generic/names".
luaotfload | init : Loading fontloader "fontloader-2023-12-28.lua" from kpse-res
olved path "C:/Users/cosas/AppData/Local/Programs/MiKTeX/tex/luatex/luaotfload/f
ontloader-2023-12-28.lua".
Lua-only attribute luaotfload@noligature = 1
luaotfload | init : Context OpenType loader version 3.134
Inserting `luaotfload.node_processor' in `pre_linebreak_filter'.
Inserting `luaotfload.node_processor' in `hpack_filter'.
Inserting `luaotfload.glyph_stream' in `glyph_stream_provider'.
Inserting `luaotfload.define_font' in `define_font'.
Lua-only attribute luaotfload_color_attribute = 2
luaotfload | conf : Root cache directory is "C:/Users/cosas/AppData/Local/MiKTeX
/luatex-cache/generic/names".
Inserting `luaotfload.harf.strip_prefix' in `find_opentype_file'.
Inserting `luaotfload.harf.strip_prefix' in `find_truetype_file'.
Removing  `luaotfload.glyph_stream' from `glyph_stream_provider'.
Inserting `luaotfload.harf.glyphstream' in `glyph_stream_provider'.
Inserting `luaotfload.harf.finalize_vlist' in `post_linebreak_filter'.
Inserting `luaotfload.harf.finalize_hlist' in `hpack_filter'.
Inserting `luaotfload.cleanup_files' in `wrapup_run'.
Inserting `luaotfload.harf.finalize_unicode' in `finish_pdffile'.
Inserting `luaotfload.glyphinfo' in `glyph_info'.
Lua-only attribute luaotfload.letterspace_done = 3
Inserting `luaotfload.aux.set_sscale_dimens' in `luaotfload.patch_font'.
Inserting `luaotfload.aux.set_font_index' in `luaotfload.patch_font'.
Inserting `luaotfload.aux.patch_cambria_domh' in `luaotfload.patch_font'.
Inserting `luaotfload.aux.fixup_fontdata' in `luaotfload.patch_font_unsafe'.
Inserting `luaotfload.aux.set_capheight' in `luaotfload.patch_font'.
Inserting `luaotfload.aux.set_xheight' in `luaotfload.patch_font'.
Inserting `luaotfload.rewrite_fontname' in `luaotfload.patch_font'.
Inserting `tracingstacklevels' in `input_level_string'. (C:/Users/cosas/AppData
/Local/Programs/MiKTeX/tex/latex/base/report.cls
Document Class: report 2025/01/22 v1.4n Standard LaTeX document class
(C:/Users/cosas/AppData/Local/Programs/MiKTeX/tex/latex/base/size12.clo
File: size12.clo 2025/01/22 v1.4n Standard LaTeX file (size option)
luaotfload | db : Font names database loaded from C:/Users/cosas/AppData/Local/M
iKTeX/luatex-cache/generic/names/luaotfload-names.luc.gz)
\c@part=\count273
\c@chapter=\count274
\c@section=\count275
\c@subsection=\count276
\c@subsubsection=\count277
\c@paragraph=\count278
\c@subparagraph=\count279
\c@figure=\count280
\c@table=\count281
\abovecaptionskip=\skip49
\belowcaptionskip=\skip50
\bibindent=\dimen147
)
(C:/Users/cosas/AppData/Local/Programs/MiKTeX/tex/latex/fontspec/fontspec.sty
(C:/Users/cosas/AppData/Local/Programs/MiKTeX/tex/latex/l3packages/xparse/xpars
e.sty
(C:/Users/cosas/AppData/Local/Programs/MiKTeX/tex/latex/l3kernel/expl3.sty
Package: expl3 2025-12-24 L3 programming layer (loader) 

(C:/Users/cosas/AppData/Local/Programs/MiKTeX/tex/latex/l3backend/l3backend-lua
tex.def
File: l3backend-luatex.def 2025-10-09 L3 backend support: PDF output (LuaTeX)
\l__color_backend_stack_int=\count282
Inserting `l3color' in `luaotfload.parse_color'.))
Package: xparse 2025-10-09 L3 Experimental document command parser
)
Package: fontspec 2025/09/29 v2.9g Font selection for XeLaTeX and LuaLaTeX
Lua module: fontspec 2025/09/29 v2.9g Font selection for XeLaTeX and LuaLaTeX
(C:/Users/cosas/AppData/Local/Programs/MiKTeX/tex/latex/fontspec/fontspec-luate
x.sty
Package: fontspec-luatex 2025/09/29 v2.9g Font selection for XeLaTeX and LuaLaT
eX
\l__fontspec_script_int=\count283
\l__fontspec_language_int=\count284
\l__fontspec_strnum_int=\count285
\l__fontspec_tmp_int=\count286
\l__fontspec_tmpa_int=\count287
\l__fontspec_tmpb_int=\count288
\l__fontspec_tmpc_int=\count289
\l__fontspec_em_int=\count290
\l__fontspec_emdef_int=\count291
\l__fontspec_strong_int=\count292
\l__fontspec_strongdef_int=\count293
\l__fontspec_tmpa_dim=\dimen148
\l__fontspec_tmpb_dim=\dimen149
\l__fontspec_tmpc_dim=\dimen150
 (C:/Users/cosas/AppData/Local/Programs/MiKTeX/tex/latex/base/fontenc.sty
Package: fontenc 2025/07/18 v2.1d Standard LaTeX package
) (C:/Users/cosas/AppData/Local/Programs/MiKTeX/tex/latex/fontspec/fontspec.cfg
)))
luaotfload | cache : Lookup cache loaded from C:/Users/cosas/AppData/Local/MiKTe
X/luatex-cache/generic/names/luaotfload-lookup-cache.luc.

Package fontspec Info: 
(fontspec)             Font family 'TimesNewRoman(0)' created for font 'Times
(fontspec)             New Roman' with options [Ligatures=TeX].
(fontspec)              
(fontspec)              This font family consists of the following NFSS
(fontspec)             series/shapes:
(fontspec)              
(fontspec)             - 'normal' (m/n) with NFSS spec.: <->"name:Times New
(fontspec)             Roman:mode=node;script=latn;language=dflt;+tlig;"
(fontspec)             - 'small caps'  (m/sc) with NFSS spec.: <->"name:Times
(fontspec)             New
(fontspec)             Roman:mode=node;script=latn;language=dflt;+tlig;+smcp;"
(fontspec)             - 'bold' (b/n) with NFSS spec.: <->"name:Times New
(fontspec)             Roman/B:mode=node;script=latn;language=dflt;+tlig;"
(fontspec)             - 'bold small caps'  (b/sc) with NFSS spec.:
(fontspec)             <->"name:Times New
(fontspec)             Roman/B:mode=node;script=latn;language=dflt;+tlig;+smcp;
"
(fontspec)             - 'italic' (m/it) with NFSS spec.: <->"name:Times New
(fontspec)             Roman/I:mode=node;script=latn;language=dflt;+tlig;"
(fontspec)             - 'italic small caps'  (m/scit) with NFSS spec.:
(fontspec)             <->"name:Times New
(fontspec)             Roman/I:mode=node;script=latn;language=dflt;+tlig;+smcp;
"
(fontspec)             - 'bold italic' (b/it) with NFSS spec.: <->"name:Times
(fontspec)             New
(fontspec)             Roman/BI:mode=node;script=latn;language=dflt;+tlig;"
(fontspec)             - 'bold italic small caps'  (b/scit) with NFSS spec.:
(fontspec)             <->"name:Times New
(fontspec)             Roman/BI:mode=node;script=latn;language=dflt;+tlig;+smcp
;"


(C:/Users/cosas/AppData/Local/Programs/MiKTeX/tex/latex/graphics/graphicx.sty
Package: graphicx 2024/12/31 v1.2e Enhanced LaTeX Graphics (DPC,SPQR)

(C:/Users/cosas/AppData/Local/Programs/MiKTeX/tex/latex/graphics/keyval.sty
Package: keyval 2022/05/29 v1.15 key=value parser (DPC)
\KV@toks@=\toks17
)
(C:/Users/cosas/AppData/Local/Programs/MiKTeX/tex/latex/graphics/graphics.sty
Package: graphics 2024/08/06 v1.4g Standard LaTeX Graphics (DPC,SPQR)

(C:/Users/cosas/AppData/Local/Programs/MiKTeX/tex/latex/graphics/trig.sty
Package: trig 2023/12/02 v1.11 sin cos tan (DPC)
)
(C:/Users/cosas/AppData/Local/Programs/MiKTeX/tex/latex/graphics-cfg/graphics.c
fg
File: graphics.cfg 2016/06/04 v1.11 sample graphics configuration
)
Package graphics Info: Driver file: luatex.def on input line 106.

(C:/Users/cosas/AppData/Local/Programs/MiKTeX/tex/latex/graphics-def/luatex.def
File: luatex.def 2025/09/29 v1.2f Graphics/color driver for luatex
))
\Gin@req@height=\dimen151
\Gin@req@width=\dimen152
) (C:/Users/cosas/AppData/Local/Programs/MiKTeX/tex/generic/babel/babel.sty
Package: babel 2025/12/11 v25.17 The multilingual framework for LuaLaTeX, pdfLa
TeX and XeLaTeX

(C:/Users/cosas/AppData/Local/Programs/MiKTeX/tex/generic/babel/luababel.def
\bbl@readstream=\read2
\l@afrikaans=\language2
Package babel Info: Non-standard hyphenation setup on input line 118.
\l@ancientgreek=\language3
\l@armenian=\language4
\l@assamese=\language5
\l@basque=\language6
\l@belarusian=\language7
\l@bengali=\language8
\l@bokmal=\language9
\l@bulgarian=\language10
\l@catalan=\language11
\l@churchslavonic=\language12
\l@classiclatin=\language13
\l@coptic=\language14
\l@croatian=\language15
\l@czech=\language16
\l@danish=\language17
\l@dutch=\language18
\l@esperanto=\language19
\l@estonian=\language20
\l@ethiopic=\language21
\l@finnish=\language22
\l@french=\language23
\l@friulan=\language24
\l@galician=\language25
\l@georgian=\language26
\l@german=\language27
\l@greek=\language28
\l@gujarati=\language29
\l@hindi=\language30
\l@hungarian=\language31
\l@icelandic=\language32
\l@indonesian=\language33
\l@interlingua=\language34
\l@irish=\language35
\l@italian=\language36
\l@kannada=\language37
\l@kurmanji=\language38
\l@latin=\language39
\l@latvian=\language40
\l@lithuanian=\language41
\l@liturgicallatin=\language42
\l@macedonian=\language43
\l@malayalam=\language44
\l@marathi=\language45
\l@mongolian=\language46
\l@mongolianlmc=\language47
\l@monogreek=\language48
\l@ngerman=\language49
\l@nynorsk=\language50
\l@occitan=\language51
\l@oriya=\language52
\l@pali=\language53
\l@panjabi=\language54
\l@piedmontese=\language55
\l@polish=\language56
\l@portuguese=\language57
\l@romanian=\language58
\l@romansh=\language59
\l@russian=\language60
\l@sanskrit=\language61
\l@serbian=\language62
\l@serbianc=\language63
\l@slovak=\language64
\l@slovenian=\language65
\l@spanish=\language66
\l@swedish=\language67
\l@swissgerman=\language68
\l@tamil=\language69
\l@telugu=\language70
\l@thai=\language71
\l@turkish=\language72
\l@turkmen=\language73
\l@ukenglish=\language74
\l@ukrainian=\language75
\l@uppersorbian=\language76
\l@usenglishmax=\language77
\l@welsh=\language78
\babelcatcodetablenum=\catcodetable14
\bbl@pattcodes=\catcodetable15
)
\babel@savecnt=\count294
LaTeX Encoding Info:    Redeclaring text command \ij (encoding OT1) on input li
ne 2068.
LaTeX Encoding Info:    Redeclaring text command \IJ (encoding OT1) on input li
ne 2070.
LaTeX Encoding Info:    Redeclaring text command \ij (encoding T1) on input lin
e 2072.
LaTeX Encoding Info:    Redeclaring text command \IJ (encoding T1) on input lin
e 2073.
LaTeX Encoding Info:    Ignoring declaration for text command \ij (encoding ?) 
on input line 2074.
LaTeX Encoding Info:    Ignoring declaration for text command \IJ (encoding ?) 
on input line 2076.
LaTeX Encoding Info:    Ignoring declaration for text command \SS (encoding ?) 
on input line 2101.
\U@D=\dimen153
\l@unhyphenated=\language79

(C:/Users/cosas/AppData/Local/Programs/MiKTeX/tex/generic/babel/luababel.def
\bbl@attr@locale=\attribute4
)
Package babel Info: Configuration files are deprecated, as
(babel)             they can break document portability.
(babel)             Reported on input line 4196.

*************************************
* Local config file bblopts.cfg used
*
(C:/Users/cosas/AppData/Local/Programs/MiKTeX/tex/latex/arabi/bblopts.cfg
File: bblopts.cfg 2005/09/08 v0.1 add Arabic and Farsi to "declared" options of
 babel
)
(C:/Users/cosas/AppData/Local/Programs/MiKTeX/tex/generic/babel/locale/es/babel
-spanish.tex)
Package babel Info: Importing font and identification data for spanish
(babel)             from babel-es.ini. Reported on input line 4320.

(C:/Users/cosas/AppData/Local/Programs/MiKTeX/tex/latex/babel-spanish/spanish.l
df
Language: spanish.ldf 2021/05/27 v5.0q Spanish support from the babel system
\es@quottoks=\toks18
\es@quotdepth=\count295
Package babel Info: Making " an active character on input line 570.
Package babel Info: Making . an active character on input line 675.
Package babel Info: Making < an active character on input line 722.
Package babel Info: Making > an active character on input line 722.

(C:/Users/cosas/AppData/Local/Programs/MiKTeX/tex/generic/hyph-utf8/loadhyph/lo
adhyph-es.tex UTF-8 Spanish hyphenation patterns
(C:/Users/cosas/AppData/Local/Programs/MiKTeX/tex/generic/hyph-utf8/patterns/te
x/hyph-es.tex))))
LaTeX Encoding Info:    Redeclaring text command \guillemotleft (encoding OT1) 
on input line 7.
LaTeX Encoding Info:    Redeclaring text command \guillemotright (encoding OT1)
 on input line 7.

(C:/Users/cosas/AppData/Local/Programs/MiKTeX/tex/latex/tcolorbox/tcolorbox.sty
Package: tcolorbox 2025/11/28 version 6.9.0 text color boxes

(C:/Users/cosas/AppData/Local/Programs/MiKTeX/tex/latex/pgf/frontendlayer/tikz.
sty
(C:/Users/cosas/AppData/Local/Programs/MiKTeX/tex/latex/pgf/basiclayer/pgf.sty
(C:/Users/cosas/AppData/Local/Programs/MiKTeX/tex/latex/pgf/utilities/pgfrcs.st
y
(C:/Users/cosas/AppData/Local/Programs/MiKTeX/tex/generic/pgf/utilities/pgfutil
-common.tex
\pgfutil@everybye=\toks19
\pgfutil@tempdima=\dimen154
\pgfutil@tempdimb=\dimen155
)
(C:/Users/cosas/AppData/Local/Programs/MiKTeX/tex/generic/pgf/utilities/pgfutil
-latex.def
\pgfutil@abb=\box53
)
(C:/Users/cosas/AppData/Local/Programs/MiKTeX/tex/generic/pgf/utilities/pgfrcs.
code.tex
(C:/Users/cosas/AppData/Local/Programs/MiKTeX/tex/generic/pgf/pgf.revision.tex)
Package: pgfrcs 2025-08-29 v3.1.11a (3.1.11a)
))
Package: pgf 2025-08-29 v3.1.11a (3.1.11a)

(C:/Users/cosas/AppData/Local/Programs/MiKTeX/tex/latex/pgf/basiclayer/pgfcore.
sty
(C:/Users/cosas/AppData/Local/Programs/MiKTeX/tex/latex/pgf/systemlayer/pgfsys.
sty
(C:/Users/cosas/AppData/Local/Programs/MiKTeX/tex/generic/pgf/systemlayer/pgfsy
s.code.tex
Package: pgfsys 2025-08-29 v3.1.11a (3.1.11a)

(C:/Users/cosas/AppData/Local/Programs/MiKTeX/tex/generic/pgf/utilities/pgfkeys
.code.tex
\pgfkeys@pathtoks=\toks20
\pgfkeys@temptoks=\toks21

(C:/Users/cosas/AppData/Local/Programs/MiKTeX/tex/generic/pgf/utilities/pgfkeys
libraryfiltered.code.tex
\pgfkeys@tmptoks=\toks22
))
\pgf@x=\dimen156
\pgf@y=\dimen157
\pgf@xa=\dimen158
\pgf@ya=\dimen159
\pgf@xb=\dimen160
\pgf@yb=\dimen161
\pgf@xc=\dimen162
\pgf@yc=\dimen163
\pgf@xd=\dimen164
\pgf@yd=\dimen165
\w@pgf@writea=\write3
\r@pgf@reada=\read3
\c@pgf@counta=\count296
\c@pgf@countb=\count297
\c@pgf@countc=\count298
\c@pgf@countd=\count299
\t@pgf@toka=\toks23
\t@pgf@tokb=\toks24
\t@pgf@tokc=\toks25
\pgf@sys@id@count=\count300

(C:/Users/cosas/AppData/Local/Programs/MiKTeX/tex/generic/pgf/systemlayer/pgf.c
fg
File: pgf.cfg 2025-08-29 v3.1.11a (3.1.11a)
)
Driver file for pgf: pgfsys-luatex.def

(C:/Users/cosas/AppData/Local/Programs/MiKTeX/tex/generic/pgf/systemlayer/pgfsy
s-luatex.def
File: pgfsys-luatex.def 2025-08-29 v3.1.11a (3.1.11a)

(C:/Users/cosas/AppData/Local/Programs/MiKTeX/tex/generic/pgf/systemlayer/pgfsy
s-common-pdf.def
File: pgfsys-common-pdf.def 2025-08-29 v3.1.11a (3.1.11a)
)))
(C:/Users/cosas/AppData/Local/Programs/MiKTeX/tex/generic/pgf/systemlayer/pgfsy
ssoftpath.code.tex
File: pgfsyssoftpath.code.tex 2025-08-29 v3.1.11a (3.1.11a)
\pgfsyssoftpath@smallbuffer@items=\count301
\pgfsyssoftpath@bigbuffer@items=\count302
)
(C:/Users/cosas/AppData/Local/Programs/MiKTeX/tex/generic/pgf/systemlayer/pgfsy
sprotocol.code.tex
File: pgfsysprotocol.code.tex 2025-08-29 v3.1.11a (3.1.11a)
))
(C:/Users/cosas/AppData/Local/Programs/MiKTeX/tex/latex/xcolor/xcolor.sty
Package: xcolor 2024/09/29 v3.02 LaTeX color extensions (UK)

(C:/Users/cosas/AppData/Local/Programs/MiKTeX/tex/latex/graphics-cfg/color.cfg
File: color.cfg 2016/01/02 v1.6 sample color configuration
)
Package xcolor Info: Driver file: luatex.def on input line 274.
(C:/Users/cosas/AppData/Local/Programs/MiKTeX/tex/latex/graphics/mathcolor.ltx)
Package xcolor Info: Model `cmy' substituted by `cmy0' on input line 1349.
Package xcolor Info: Model `hsb' substituted by `rgb' on input line 1353.
Package xcolor Info: Model `RGB' extended on input line 1365.
Package xcolor Info: Model `HTML' substituted by `rgb' on input line 1367.
Package xcolor Info: Model `Hsb' substituted by `hsb' on input line 1368.
Package xcolor Info: Model `tHsb' substituted by `hsb' on input line 1369.
Package xcolor Info: Model `HSB' substituted by `hsb' on input line 1370.
Package xcolor Info: Model `Gray' substituted by `gray' on input line 1371.
Package xcolor Info: Model `wave' substituted by `hsb' on input line 1372.
)
(C:/Users/cosas/AppData/Local/Programs/MiKTeX/tex/generic/pgf/basiclayer/pgfcor
e.code.tex
Package: pgfcore 2025-08-29 v3.1.11a (3.1.11a)

(C:/Users/cosas/AppData/Local/Programs/MiKTeX/tex/generic/pgf/math/pgfmath.code
.tex
(C:/Users/cosas/AppData/Local/Programs/MiKTeX/tex/generic/pgf/math/pgfmathutil.
code.tex)
(C:/Users/cosas/AppData/Local/Programs/MiKTeX/tex/generic/pgf/math/pgfmathparse
r.code.tex
\pgfmath@dimen=\dimen166
\pgfmath@count=\count303
\pgfmath@box=\box54
\pgfmath@toks=\toks26
\pgfmath@stack@operand=\toks27
\pgfmath@stack@operation=\toks28
)
(C:/Users/cosas/AppData/Local/Programs/MiKTeX/tex/generic/pgf/math/pgfmathfunct
ions.code.tex)
(C:/Users/cosas/AppData/Local/Programs/MiKTeX/tex/generic/pgf/math/pgfmathfunct
ions.basic.code.tex)
(C:/Users/cosas/AppData/Local/Programs/MiKTeX/tex/generic/pgf/math/pgfmathfunct
ions.trigonometric.code.tex)
(C:/Users/cosas/AppData/Local/Programs/MiKTeX/tex/generic/pgf/math/pgfmathfunct
ions.random.code.tex)
(C:/Users/cosas/AppData/Local/Programs/MiKTeX/tex/generic/pgf/math/pgfmathfunct
ions.comparison.code.tex)
(C:/Users/cosas/AppData/Local/Programs/MiKTeX/tex/generic/pgf/math/pgfmathfunct
ions.base.code.tex)
(C:/Users/cosas/AppData/Local/Programs/MiKTeX/tex/generic/pgf/math/pgfmathfunct
ions.round.code.tex)
(C:/Users/cosas/AppData/Local/Programs/MiKTeX/tex/generic/pgf/math/pgfmathfunct
ions.misc.code.tex)
(C:/Users/cosas/AppData/Local/Programs/MiKTeX/tex/generic/pgf/math/pgfmathfunct
ions.integerarithmetics.code.tex)
(C:/Users/cosas/AppData/Local/Programs/MiKTeX/tex/generic/pgf/math/pgfmathcalc.
code.tex)
(C:/Users/cosas/AppData/Local/Programs/MiKTeX/tex/generic/pgf/math/pgfmathfloat
.code.tex
\c@pgfmathroundto@lastzeros=\count304
))
(C:/Users/cosas/AppData/Local/Programs/MiKTeX/tex/generic/pgf/math/pgfint.code.
tex)
(C:/Users/cosas/AppData/Local/Programs/MiKTeX/tex/generic/pgf/basiclayer/pgfcor
epoints.code.tex
File: pgfcorepoints.code.tex 2025-08-29 v3.1.11a (3.1.11a)
\pgf@picminx=\dimen167
\pgf@picmaxx=\dimen168
\pgf@picminy=\dimen169
\pgf@picmaxy=\dimen170
\pgf@pathminx=\dimen171
\pgf@pathmaxx=\dimen172
\pgf@pathminy=\dimen173
\pgf@pathmaxy=\dimen174
\pgf@xx=\dimen175
\pgf@xy=\dimen176
\pgf@yx=\dimen177
\pgf@yy=\dimen178
\pgf@zx=\dimen179
\pgf@zy=\dimen180
)
(C:/Users/cosas/AppData/Local/Programs/MiKTeX/tex/generic/pgf/basiclayer/pgfcor
epathconstruct.code.tex
File: pgfcorepathconstruct.code.tex 2025-08-29 v3.1.11a (3.1.11a)
\pgf@path@lastx=\dimen181
\pgf@path@lasty=\dimen182
)
(C:/Users/cosas/AppData/Local/Programs/MiKTeX/tex/generic/pgf/basiclayer/pgfcor
epathusage.code.tex
File: pgfcorepathusage.code.tex 2025-08-29 v3.1.11a (3.1.11a)
\pgf@shorten@end@additional=\dimen183
\pgf@shorten@start@additional=\dimen184
)
(C:/Users/cosas/AppData/Local/Programs/MiKTeX/tex/generic/pgf/basiclayer/pgfcor
escopes.code.tex
File: pgfcorescopes.code.tex 2025-08-29 v3.1.11a (3.1.11a)
\pgfpic=\box55
\pgf@hbox=\box56
\pgf@layerbox@main=\box57
\pgf@picture@serial@count=\count305
)
(C:/Users/cosas/AppData/Local/Programs/MiKTeX/tex/generic/pgf/basiclayer/pgfcor
egraphicstate.code.tex
File: pgfcoregraphicstate.code.tex 2025-08-29 v3.1.11a (3.1.11a)
\pgflinewidth=\dimen185
)
(C:/Users/cosas/AppData/Local/Programs/MiKTeX/tex/generic/pgf/basiclayer/pgfcor
etransformations.code.tex
File: pgfcoretransformations.code.tex 2025-08-29 v3.1.11a (3.1.11a)
\pgf@pt@x=\dimen186
\pgf@pt@y=\dimen187
\pgf@pt@temp=\dimen188
)
(C:/Users/cosas/AppData/Local/Programs/MiKTeX/tex/generic/pgf/basiclayer/pgfcor
equick.code.tex
File: pgfcorequick.code.tex 2025-08-29 v3.1.11a (3.1.11a)
)
(C:/Users/cosas/AppData/Local/Programs/MiKTeX/tex/generic/pgf/basiclayer/pgfcor
eobjects.code.tex
File: pgfcoreobjects.code.tex 2025-08-29 v3.1.11a (3.1.11a)
)
(C:/Users/cosas/AppData/Local/Programs/MiKTeX/tex/generic/pgf/basiclayer/pgfcor
epathprocessing.code.tex
File: pgfcorepathprocessing.code.tex 2025-08-29 v3.1.11a (3.1.11a)
)
(C:/Users/cosas/AppData/Local/Programs/MiKTeX/tex/generic/pgf/basiclayer/pgfcor
earrows.code.tex
File: pgfcorearrows.code.tex 2025-08-29 v3.1.11a (3.1.11a)
\pgfarrowsep=\dimen189
)
(C:/Users/cosas/AppData/Local/Programs/MiKTeX/tex/generic/pgf/basiclayer/pgfcor
eshade.code.tex
File: pgfcoreshade.code.tex 2025-08-29 v3.1.11a (3.1.11a)
\pgf@max=\dimen190
\pgf@sys@shading@range@num=\count306
\pgf@shadingcount=\count307
)
(C:/Users/cosas/AppData/Local/Programs/MiKTeX/tex/generic/pgf/basiclayer/pgfcor
eimage.code.tex
File: pgfcoreimage.code.tex 2025-08-29 v3.1.11a (3.1.11a)
)
(C:/Users/cosas/AppData/Local/Programs/MiKTeX/tex/generic/pgf/basiclayer/pgfcor
eexternal.code.tex
File: pgfcoreexternal.code.tex 2025-08-29 v3.1.11a (3.1.11a)
\pgfexternal@startupbox=\box58
)
(C:/Users/cosas/AppData/Local/Programs/MiKTeX/tex/generic/pgf/basiclayer/pgfcor
elayers.code.tex
File: pgfcorelayers.code.tex 2025-08-29 v3.1.11a (3.1.11a)
)
(C:/Users/cosas/AppData/Local/Programs/MiKTeX/tex/generic/pgf/basiclayer/pgfcor
etransparency.code.tex
File: pgfcoretransparency.code.tex 2025-08-29 v3.1.11a (3.1.11a)
)
(C:/Users/cosas/AppData/Local/Programs/MiKTeX/tex/generic/pgf/basiclayer/pgfcor
epatterns.code.tex
File: pgfcorepatterns.code.tex 2025-08-29 v3.1.11a (3.1.11a)
)
(C:/Users/cosas/AppData/Local/Programs/MiKTeX/tex/generic/pgf/basiclayer/pgfcor
erdf.code.tex
File: pgfcorerdf.code.tex 2025-08-29 v3.1.11a (3.1.11a)
)))
(C:/Users/cosas/AppData/Local/Programs/MiKTeX/tex/generic/pgf/modules/pgfmodule
shapes.code.tex
File: pgfmoduleshapes.code.tex 2025-08-29 v3.1.11a (3.1.11a)
\pgfnodeparttextbox=\box59
)
(C:/Users/cosas/AppData/Local/Programs/MiKTeX/tex/generic/pgf/modules/pgfmodule
plot.code.tex
File: pgfmoduleplot.code.tex 2025-08-29 v3.1.11a (3.1.11a)
)
(C:/Users/cosas/AppData/Local/Programs/MiKTeX/tex/latex/pgf/compatibility/pgfco
mp-version-0-65.sty
Package: pgfcomp-version-0-65 2025-08-29 v3.1.11a (3.1.11a)
\pgf@nodesepstart=\dimen191
\pgf@nodesepend=\dimen192
)
(C:/Users/cosas/AppData/Local/Programs/MiKTeX/tex/latex/pgf/compatibility/pgfco
mp-version-1-18.sty
Package: pgfcomp-version-1-18 2025-08-29 v3.1.11a (3.1.11a)
))
(C:/Users/cosas/AppData/Local/Programs/MiKTeX/tex/latex/pgf/utilities/pgffor.st
y
(C:/Users/cosas/AppData/Local/Programs/MiKTeX/tex/latex/pgf/utilities/pgfkeys.s
ty
(C:/Users/cosas/AppData/Local/Programs/MiKTeX/tex/generic/pgf/utilities/pgfkeys
.code.tex))
(C:/Users/cosas/AppData/Local/Programs/MiKTeX/tex/latex/pgf/math/pgfmath.sty
(C:/Users/cosas/AppData/Local/Programs/MiKTeX/tex/generic/pgf/math/pgfmath.code
.tex))
(C:/Users/cosas/AppData/Local/Programs/MiKTeX/tex/generic/pgf/utilities/pgffor.
code.tex
Package: pgffor 2025-08-29 v3.1.11a (3.1.11a)
\pgffor@iter=\dimen193
\pgffor@skip=\dimen194
\pgffor@stack=\toks29
\pgffor@toks=\toks30
))
(C:/Users/cosas/AppData/Local/Programs/MiKTeX/tex/generic/pgf/frontendlayer/tik
z/tikz.code.tex
Package: tikz 2025-08-29 v3.1.11a (3.1.11a)

(C:/Users/cosas/AppData/Local/Programs/MiKTeX/tex/generic/pgf/libraries/pgflibr
aryplothandlers.code.tex
File: pgflibraryplothandlers.code.tex 2025-08-29 v3.1.11a (3.1.11a)
\pgf@plot@mark@count=\count308
\pgfplotmarksize=\dimen195
)
\tikz@lastx=\dimen196
\tikz@lasty=\dimen197
\tikz@lastxsaved=\dimen198
\tikz@lastysaved=\dimen199
\tikz@lastmovetox=\dimen256
\tikz@lastmovetoy=\dimen257
\tikzleveldistance=\dimen258
\tikzsiblingdistance=\dimen259
\tikz@figbox=\box60
\tikz@figbox@bg=\box61
\tikz@tempbox=\box62
\tikz@tempbox@bg=\box63
\tikztreelevel=\count309
\tikznumberofchildren=\count310
\tikznumberofcurrentchild=\count311
\tikz@fig@count=\count312

(C:/Users/cosas/AppData/Local/Programs/MiKTeX/tex/generic/pgf/modules/pgfmodule
matrix.code.tex
File: pgfmodulematrix.code.tex 2025-08-29 v3.1.11a (3.1.11a)
\pgfmatrixcurrentrow=\count313
\pgfmatrixcurrentcolumn=\count314
\pgf@matrix@numberofcolumns=\count315
)
\tikz@expandcount=\count316

(C:/Users/cosas/AppData/Local/Programs/MiKTeX/tex/generic/pgf/frontendlayer/tik
z/libraries/tikzlibrarytopaths.code.tex
File: tikzlibrarytopaths.code.tex 2025-08-29 v3.1.11a (3.1.11a)
)))
(C:/Users/cosas/AppData/Local/Programs/MiKTeX/tex/latex/tools/verbatim.sty
Package: verbatim 2024-01-22 v1.5x LaTeX2e package for verbatim enhancements
\every@verbatim=\toks31
\verbatim@line=\toks32
\verbatim@in@stream=\read4
)
(C:/Users/cosas/AppData/Local/Programs/MiKTeX/tex/latex/environ/environ.sty
Package: environ 2014/05/04 v0.3 A new way to define environments

(C:/Users/cosas/AppData/Local/Programs/MiKTeX/tex/latex/trimspaces/trimspaces.s
ty
Package: trimspaces 2009/09/17 v1.1 Trim spaces around a token list
)
\@envbody=\toks33
)
(C:/Users/cosas/AppData/Local/Programs/MiKTeX/tex/latex/etoolbox/etoolbox.sty
Package: etoolbox 2025/10/02 v2.5m e-TeX tools for LaTeX (JAW)
\etb@tempcnta=\count317
)
\tcb@titlebox=\box64
\tcb@upperbox=\box65
\tcb@lowerbox=\box66
\tcb@phantombox=\box67
\c@tcbbreakpart=\count318
\c@tcblayer=\count319
\c@tcolorbox@number=\count320
\l__tcobox_tmpa_box=\box68
\l__tcobox_tmpa_dim=\dimen260
\tcb@temp=\box69
\tcb@temp=\box70
\tcb@temp=\box71
\tcb@temp=\box72
) (C:/Users/cosas/AppData/Local/Programs/MiKTeX/tex/latex/titlesec/titlesec.sty
Package: titlesec 2025/01/04 v2.17 Sectioning titles
\ttl@box=\box73
\beforetitleunit=\skip51
\aftertitleunit=\skip52
\ttl@plus=\dimen261
\ttl@minus=\dimen262
\ttl@toksa=\toks34
\titlewidth=\dimen263
\titlewidthlast=\dimen264
\titlewidthfirst=\dimen265
) (C:/Users/cosas/AppData/Local/Programs/MiKTeX/tex/latex/geometry/geometry.sty
Package: geometry 2026/03/07 v6.0 Page Geometry

(C:/Users/cosas/AppData/Local/Programs/MiKTeX/tex/generic/iftex/ifvtex.sty
Package: ifvtex 2019/10/25 v1.7 ifvtex legacy package. Use iftex instead.

(C:/Users/cosas/AppData/Local/Programs/MiKTeX/tex/generic/iftex/iftex.sty
Package: iftex 2024/12/12 v1.0g TeX engine tests
))
\Gm@cnth=\count321
\Gm@cntv=\count322
\c@Gm@tempcnt=\count323
\Gm@bindingoffset=\dimen266
\Gm@wd@mp=\dimen267
\Gm@odd@mp=\dimen268
\Gm@even@mp=\dimen269
\Gm@layoutwidth=\dimen270
\Gm@layoutheight=\dimen271
\Gm@layouthoffset=\dimen272
\Gm@layoutvoffset=\dimen273
\Gm@dimlist=\toks35

(C:/Users/cosas/AppData/Local/Programs/MiKTeX/tex/latex/geometry/geometry.cfg)) (C:/Users/cosas/AppData/Local/Programs/MiKTeX/tex/latex/tools/multicol.sty
Package: multicol 2025/10/21 v2.0b multicolumn formatting (FMi)
\c@tracingmulticols=\count324
\mult@box=\box74
\multicol@leftmargin=\dimen274
\c@unbalance=\count325
\c@collectmore=\count326
\doublecol@number=\count327
\multicoltolerance=\count328
\multicolpretolerance=\count329
\full@width=\dimen275
\page@free=\dimen276
\premulticols=\dimen277
\postmulticols=\dimen278
\multicolsep=\skip53
\multicolbaselineskip=\skip54
\partial@page=\box75
\last@line=\box76
\mc@boxedresult=\box77
\maxbalancingoverflow=\dimen279
\mult@rightbox=\box78
\mult@grightbox=\box79
\mult@firstbox=\box80
\mult@gfirstbox=\box81
\@tempa=\box82
\@tempa=\box83
\@tempa=\box84
\@tempa=\box85
\@tempa=\box86
\@tempa=\box87
\@tempa=\box88
\@tempa=\box89
\@tempa=\box90
\@tempa=\box91
\@tempa=\box92
\@tempa=\box93
\@tempa=\box94
\@tempa=\box95
\@tempa=\box96
\@tempa=\box97
\@tempa=\box98
\@tempa=\box99
\@tempa=\box100
\@tempa=\box101
\@tempa=\box102
\@tempa=\box103
\@tempa=\box104
\@tempa=\box105
\@tempa=\box106
\@tempa=\box107
\@tempa=\box108
\@tempa=\box109
\@tempa=\box110
\@tempa=\box111
\@tempa=\box112
\@tempa=\box113
\@tempa=\box114
\@tempa=\box115
\@tempa=\box116
\@tempa=\box117
\c@minrows=\count330
\c@columnbadness=\count331
\c@finalcolumnbadness=\count332
\last@try=\dimen280
\multicolovershoot=\dimen281
\multicolundershoot=\dimen282
\mult@nat@firstbox=\box118
\colbreak@box=\box119
\mc@col@check@num=\count333
\g__mc_curr_col_int=\count334
)
(C:/Users/cosas/AppData/Local/Programs/MiKTeX/tex/latex/draftwatermark/draftwat
ermark.sty
Package: draftwatermark 2024/03/04 3.3 Put a gray textual watermark on document
 pages

(C:/Users/cosas/AppData/Local/Programs/MiKTeX/tex/latex/kvoptions/kvoptions.sty
Package: kvoptions 2022-06-15 v3.15 Key value format for package options (HO)
(C:/Users/cosas/AppData/Local/Programs/MiKTeX/tex/generic/ltxcmds/ltxcmds.sty
Package: ltxcmds 2023-12-04 v1.26 LaTeX kernel commands for general use (HO)
)
(C:/Users/cosas/AppData/Local/Programs/MiKTeX/tex/latex/kvsetkeys/kvsetkeys.sty
Package: kvsetkeys 2022-10-05 v1.19 Key value parser (HO)
))) (./main.aux
LaTeX Info: Redefining \. on input line 8.
LaTeX Info: Redefining \% on input line 8.
Package babel Info: 'spanish' activates 'spanish' shorthands.
(babel)             Reported on input line 8.
)
\openout1 = main.aux

LaTeX Font Info:    Checking defaults for OML/cmm/m/it on input line 19.
LaTeX Font Info:    ... okay on input line 19.
LaTeX Font Info:    Checking defaults for OMS/cmsy/m/n on input line 19.
LaTeX Font Info:    ... okay on input line 19.
LaTeX Font Info:    Checking defaults for OT1/cmr/m/n on input line 19.
LaTeX Font Info:    ... okay on input line 19.
LaTeX Font Info:    Checking defaults for T1/cmr/m/n on input line 19.
LaTeX Font Info:    ... okay on input line 19.
LaTeX Font Info:    Checking defaults for TS1/cmr/m/n on input line 19.
LaTeX Font Info:    ... okay on input line 19.
LaTeX Font Info:    Checking defaults for TU/lmr/m/n on input line 19.
LaTeX Font Info:    ... okay on input line 19.
LaTeX Font Info:    Checking defaults for OMX/cmex/m/n on input line 19.
LaTeX Font Info:    ... okay on input line 19.
LaTeX Font Info:    Checking defaults for U/cmr/m/n on input line 19.
LaTeX Font Info:    ... okay on input line 19.

Package fontspec Info: 
(fontspec)             Adjusting the maths setup (use [no-math] to avoid
(fontspec)             this).

\symlegacymaths=\mathgroup4
LaTeX Font Info:    Overwriting symbol font `legacymaths' in version `bold'
(Font)                  OT1/cmr/m/n --> OT1/cmr/bx/n on input line 19.
LaTeX Font Info:    Redeclaring math accent \acute on input line 19.
LaTeX Font Info:    Redeclaring math accent \grave on input line 19.
LaTeX Font Info:    Redeclaring math accent \ddot on input line 19.
LaTeX Font Info:    Redeclaring math accent \tilde on input line 19.
LaTeX Font Info:    Redeclaring math accent \bar on input line 19.
LaTeX Font Info:    Redeclaring math accent \breve on input line 19.
LaTeX Font Info:    Redeclaring math accent \check on input line 19.
LaTeX Font Info:    Redeclaring math accent \hat on input line 19.
LaTeX Font Info:    Redeclaring math accent \dot on input line 19.
LaTeX Font Info:    Redeclaring math accent \mathring on input line 19.
LaTeX Font Info:    Redeclaring math symbol \colon on input line 19.
LaTeX Font Info:    Redeclaring math symbol \Gamma on input line 19.
LaTeX Font Info:    Redeclaring math symbol \Delta on input line 19.
LaTeX Font Info:    Redeclaring math symbol \Theta on input line 19.
LaTeX Font Info:    Redeclaring math symbol \Lambda on input line 19.
LaTeX Font Info:    Redeclaring math symbol \Xi on input line 19.
LaTeX Font Info:    Redeclaring math symbol \Pi on input line 19.
LaTeX Font Info:    Redeclaring math symbol \Sigma on input line 19.
LaTeX Font Info:    Redeclaring math symbol \Upsilon on input line 19.
LaTeX Font Info:    Redeclaring math symbol \Phi on input line 19.
LaTeX Font Info:    Redeclaring math symbol \Psi on input line 19.
LaTeX Font Info:    Redeclaring math symbol \Omega on input line 19.
LaTeX Font Info:    Redeclaring math symbol \mathdollar on input line 19.
LaTeX Font Info:    Redeclaring symbol font `operators' on input line 19.
LaTeX Font Info:    Encoding `OT1' has changed to `TU' for symbol font
(Font)              `operators' in the math version `normal' on input line 19.
LaTeX Font Info:    Overwriting symbol font `operators' in version `normal'
(Font)                  OT1/cmr/m/n --> TU/TimesNewRoman(0)/m/n on input line 1
9.
LaTeX Font Info:    Encoding `OT1' has changed to `TU' for symbol font
(Font)              `operators' in the math version `bold' on input line 19.
LaTeX Font Info:    Overwriting symbol font `operators' in version `bold'
(Font)                  OT1/cmr/bx/n --> TU/TimesNewRoman(0)/m/n on input line 
19.
LaTeX Font Info:    Overwriting symbol font `operators' in version `normal'
(Font)                  TU/TimesNewRoman(0)/m/n --> TU/TimesNewRoman(0)/m/n on 
input line 19.
LaTeX Font Info:    Overwriting math alphabet `\mathit' in version `normal'
(Font)                  OT1/cmr/m/it --> TU/TimesNewRoman(0)/m/it on input line
 19.
LaTeX Font Info:    Overwriting math alphabet `\mathbf' in version `normal'
(Font)                  OT1/cmr/bx/n --> TU/TimesNewRoman(0)/b/n on input line 
19.
LaTeX Font Info:    Overwriting math alphabet `\mathsf' in version `normal'
(Font)                  OT1/cmss/m/n --> TU/lmss/m/n on input line 19.
LaTeX Font Info:    Overwriting math alphabet `\mathtt' in version `normal'
(Font)                  OT1/cmtt/m/n --> TU/lmtt/m/n on input line 19.
LaTeX Font Info:    Overwriting symbol font `operators' in version `bold'
(Font)                  TU/TimesNewRoman(0)/m/n --> TU/TimesNewRoman(0)/b/n on 
input line 19.
LaTeX Font Info:    Overwriting math alphabet `\mathit' in version `bold'
(Font)                  OT1/cmr/bx/it --> TU/TimesNewRoman(0)/b/it on input lin
e 19.
LaTeX Font Info:    Overwriting math alphabet `\mathsf' in version `bold'
(Font)                  OT1/cmss/bx/n --> TU/lmss/b/n on input line 19.
LaTeX Font Info:    Overwriting math alphabet `\mathtt' in version `bold'
(Font)                  OT1/cmtt/m/n --> TU/lmtt/b/n on input line 19.

(C:/Users/cosas/AppData/Local/Programs/MiKTeX/tex/context/base/mkii/supp-pdf.mk
ii
[Loading MPS to PDF converter (version 2006.09.02).]
\scratchcounter=\count335
\scratchdimen=\dimen283
\scratchbox=\box120
\nofMPsegments=\count336
\nofMParguments=\count337
\everyMPshowfont=\toks36
\MPscratchCnt=\count338
\MPscratchDim=\dimen284
\MPnumerator=\count339
\makeMPintoPDFobject=\count340
\everyMPtoPDFconversion=\toks37
)
(C:/Users/cosas/AppData/Local/Programs/MiKTeX/tex/latex/epstopdf-pkg/epstopdf-b
ase.sty
Package: epstopdf-base 2020-01-24 v2.11 Base part for package epstopdf
Package epstopdf-base Info: Redefining graphics rule for `.eps' on input line 4
85.

(C:/Users/cosas/AppData/Local/Programs/MiKTeX/tex/latex/00miktex/epstopdf-sys.c
fg
File: epstopdf-sys.cfg 2021/03/18 v2.0 Configuration of epstopdf for MiKTeX
))
LaTeX Info: Redefining \. on input line 19.
LaTeX Info: Redefining \% on input line 19.

*geometry* driver: auto-detecting
*geometry* detected driver: luatex
*geometry* verbose mode - [ preamble ] result:
* driver: luatex
* paper: a4paper
* layout: <same size as paper>
* layoutoffset:(h,v)=(0.0pt,0.0pt)
* modes: 
* h-part:(L,W,R)=(71.13188pt, 455.24411pt, 71.13188pt)
* v-part:(T,H,B)=(56.9055pt, 717.00946pt, 71.13188pt)
* \paperwidth=597.50787pt
* \paperheight=845.04684pt
* \textwidth=455.24411pt
* \textheight=717.00946pt
* \oddsidemargin=-1.1381pt
* \evensidemargin=-1.1381pt
* \topmargin=-52.36449pt
* \headheight=12.0pt
* \headsep=25.0pt
* \topskip=12.0pt
* \footskip=30.0pt
* \marginparwidth=44.0pt
* \marginparsep=10.0pt
* \columnsep=10.0pt
* \skip\footins=10.8pt plus 4.0pt minus 2.0pt
* \hoffset=0.0pt
* \voffset=0.0pt
* \mag=1000
* \@twocolumnfalse
* \@twosidefalse
* \@mparswitchfalse
* \@reversemarginfalse
* (1in=72.27pt=25.4mm, 1cm=28.453pt)

LaTeX Font Info:    External font `cmex10' loaded for size
(Font)              <14.4> on input line 25.
LaTeX Font Info:    External font `cmex10' loaded for size
(Font)              <7> on input line 25.

LaTeX Warning: No \author given.

[1{C:/Users/cosas/AppData/Local/MiKTeX/fonts/map/pdftex/pdftex.map}

]
(./main.toc)
\tf@toc=\write4

\openout4 = main.toc
 (./generales.tex [1

]
Capítulo 1.

Underfull \hbox (badness 10000) in paragraph at lines 5--6

 []


Underfull \hbox (badness 10000) in paragraph at lines 17--18

 []


Underfull \hbox (badness 10000) in paragraph at lines 22--23

 []


Underfull \hbox (badness 10000) in paragraph at lines 27--28

 []


Underfull \hbox (badness 10000) in paragraph at lines 30--31

 []

[2

]
Underfull \hbox (badness 10000) in paragraph at lines 57--67

 []

[3] [4] [5] [6

]
LaTeX Font Info:    External font `cmex10' loaded for size
(Font)              <12> on input line 251.
LaTeX Font Info:    External font `cmex10' loaded for size
(Font)              <8> on input line 251.
LaTeX Font Info:    External font `cmex10' loaded for size
(Font)              <6> on input line 251.

Underfull \hbox (badness 10000) in paragraph at lines 255--255
[]\TU/TimesNewRoman(0)/m/n/12 Re-co-no-ci-mien-to
 []


Underfull \hbox (badness 1769) in paragraph at lines 261--261
[]\TU/TimesNewRoman(0)/m/n/12 Ex-pli-ca po-si-ción del pa-
 []


Underfull \hbox (badness 1484) in paragraph at lines 261--261
\TU/TimesNewRoman(0)/m/n/12 De-ter-mi-na si la po-si-ción
 []


Underfull \hbox (badness 1769) in paragraph at lines 262--262
[]\TU/TimesNewRoman(0)/m/n/12 Ex-pli-ca po-si-ción del pa-
 []


Underfull \hbox (badness 4181) in paragraph at lines 262--262
\TU/TimesNewRoman(0)/m/n/12 pre-ci-sa. De-ter-mi-na po-si-
 []


Underfull \hbox (badness 2452) in paragraph at lines 266--266
[]\TU/TimesNewRoman(0)/m/n/12 Es-ta-ble-ce y jus-ti-fi-ca co-
 []


Underfull \hbox (badness 3780) in paragraph at lines 267--267
[]\TU/TimesNewRoman(0)/m/n/12 Es-ta-ble-ce la téc-ni-ca co-
 []


Underfull \hbox (badness 2486) in paragraph at lines 267--267
\TU/TimesNewRoman(0)/m/n/12 rrec-ta-men-te sin jus-ti-fi-car
 []


Overfull \hbox (33.77359pt too wide) in paragraph at lines 251--271
 [][] 
 []

[7

]
Underfull \hbox (badness 1490) in paragraph at lines 285--285
[]\TU/TimesNewRoman(0)/m/n/12 Co-no-ce qué de-be in-cluir
 []


Underfull \hbox (badness 1490) in paragraph at lines 289--289
[]\TU/TimesNewRoman(0)/m/n/12 Re-co-no-ce si la ra-dio-gra-
 []


Underfull \hbox (badness 1502) in paragraph at lines 289--289
\TU/TimesNewRoman(0)/m/n/12 fía es-tá co-lo-ca-da co-rrec-
 []


Underfull \hbox (badness 3769) in paragraph at lines 289--289
\TU/TimesNewRoman(0)/m/n/12 ta-men-te se-gún la mar-ca
 []


Underfull \hbox (badness 1014) in paragraph at lines 290--290
\TU/TimesNewRoman(0)/m/n/12 no-ci-mien-to de la co-lo-ca-
 []


Underfull \hbox (badness 1314) in paragraph at lines 291--292
\TU/TimesNewRoman(0)/m/n/12 ca-ción de la ra-dio-
 []


Overfull \hbox (33.77359pt too wide) in paragraph at lines 279--294
 [][] 
 []

[8]) (./torax.tex [9

]
Capítulo 2.
[10

] [11]
Underfull \hbox (badness 10000) in paragraph at lines 82--83

 []

<imagenes/torax position.png, id=45, 501.875pt x 389.455pt>
File: imagenes/torax position.png Graphic file (type png)
<use imagenes/torax position.png>
Package luatex.def Info: imagenes/torax position.png  used on input line 114.
(luatex.def)             Requested size: 455.24411pt x 353.28738pt.

LaTeX Warning: `h' float specifier changed to `ht'.

[12

] [13<./imagenes/torax position.png>]
<imagenes/image.png, id=53, 501.875pt x 612.2875pt>
File: imagenes/image.png Graphic file (type png)
<use imagenes/image.png>
Package luatex.def Info: imagenes/image.png  used on input line 160.
(luatex.def)             Requested size: 455.24411pt x 555.42607pt.


LaTeX Warning: `h' float specifier changed to `ht'.

[14] [15<./imagenes/image.png>]
Underfull \hbox (badness 10000) in paragraph at lines 174--175

 []

<imagenes/posicion torax perfil.png, id=60, 540.0175pt x 464.73625pt>
File: imagenes/posicion torax perfil.png Graphic file (type png)
<use imagenes/posicion torax perfil.png>
Package luatex.def Info: imagenes/posicion torax perfil.png  used on input line
 208.
(luatex.def)             Requested size: 341.43307pt x 293.84198pt.
[16

] [17<./imagenes/posicion torax perfil.png>]
<imagenes/torax perfil rx.png, id=67, 514.92375pt x 577.15625pt>
File: imagenes/torax perfil rx.png Graphic file (type png)
<use imagenes/torax perfil rx.png>
Package luatex.def Info: imagenes/torax perfil rx.png  used on input line 246.
(luatex.def)             Requested size: 455.24411pt x 510.27687pt.
 [18] [19<./imagenes/torax perfil rx.png>]
<imagenes/torax anexo 1.png, id=74, 751.80875pt x 565.11125pt>
File: imagenes/torax anexo 1.png Graphic file (type png)
<use imagenes/torax anexo 1.png>
Package luatex.def Info: imagenes/torax anexo 1.png  used on input line 257.
(luatex.def)             Requested size: 455.24411pt x 342.19946pt.
 [20

<./imagenes/torax anexo 1.png>]
<imagenes/torax anexo 2.png, id=79, 745.78625pt x 556.0775pt>
File: imagenes/torax anexo 2.png Graphic file (type png)
<use imagenes/torax anexo 2.png>
Package luatex.def Info: imagenes/torax anexo 2.png  used on input line 274.
(luatex.def)             Requested size: 455.24411pt x 339.43587pt.
 [21

<./imagenes/torax anexo 2.png>]
<imagenes/torax anexo 3.png, id=83, 743.77875pt x 558.085pt>
File: imagenes/torax anexo 3.png Graphic file (type png)
<use imagenes/torax anexo 3.png>
Package luatex.def Info: imagenes/torax anexo 3.png  used on input line 291.
(luatex.def)             Requested size: 455.24411pt x 341.598pt.
 [22

<./imagenes/torax anexo 3.png>]
<imagenes/torax anexo 4.png, id=87, 749.80125pt x 564.1075pt>
File: imagenes/torax anexo 4.png Graphic file (type png)
<use imagenes/torax anexo 4.png>
Package luatex.def Info: imagenes/torax anexo 4.png  used on input line 305.
(luatex.def)             Requested size: 455.24411pt x 342.50406pt.
 [23

<./imagenes/torax anexo 4.png>]
<imagenes/torax anexo 5.png, id=91, 750.805pt x 555.07375pt>
File: imagenes/torax anexo 5.png Graphic file (type png)
<use imagenes/torax anexo 5.png>
Package luatex.def Info: imagenes/torax anexo 5.png  used on input line 323.
(luatex.def)             Requested size: 455.24411pt x 336.5702pt.

[24

<./imagenes/torax anexo 5.png>]
Underfull \hbox (badness 10000) in paragraph at lines 353--354

 []

<imagenes/torax portatil.png, id=95, 640.3925pt x 501.875pt>
File: imagenes/torax portatil.png Graphic file (type png)
<use imagenes/torax portatil.png>
Package luatex.def Info: imagenes/torax portatil.png  used on input line 386.
(luatex.def)             Requested size: 341.43307pt x 267.58534pt.
<imagenes/torax portatil .png, id=96, 621.32124pt x 414.54875pt>
File: imagenes/torax portatil .png Graphic file (type png)
<use imagenes/torax portatil .png>
Package luatex.def Info: imagenes/torax portatil .png  used on input line 393.
(luatex.def)             Requested size: 341.43307pt x 227.80641pt.
[25

] [26<./imagenes/torax portatil.png><./imagenes/torax portatil .png>]
[27]
<imagenes/torax portatil 2.png, id=106, 427.5975pt x 402.50375pt>
File: imagenes/torax portatil 2.png Graphic file (type png)
<use imagenes/torax portatil 2.png>
Package luatex.def Info: imagenes/torax portatil 2.png  used on input line 432.

(luatex.def)             Requested size: 455.24411pt x 428.52516pt.

Runaway argument?
{fig:7u 
! Paragraph ended before \label was complete.
<to be read again> 
                   \par 
l.435 
      
I suspect you've forgotten a `}', causing me to apply this
control sequence to too much text. How can we recover?
My plan is to forget the whole thing and hope for the best.


Underfull \hbox (badness 10000) in paragraph at lines 442--442
|[]\TU/TimesNewRoman(0)/b/n/14.4 To-rax - Vér-ti-ces Pul-mo-na-res|
 []


Underfull \hbox (badness 10000) in paragraph at lines 444--444
|\TU/TimesNewRoman(0)/b/n/12 1. Iden-ti-fi-ca-ción|
 []


Underfull \hbox (badness 10000) in paragraph at lines 456--456
|\TU/TimesNewRoman(0)/b/n/12 2. Téc-ni-ca Ba-se|
 []


Underfull \hbox (badness 10000) in paragraph at lines 466--466
|\TU/TimesNewRoman(0)/b/n/12 3. Po-si-cio-na-mien-to|
 []


Underfull \hbox (badness 10000) in paragraph at lines 468--468
|\TU/TimesNewRoman(0)/b/n/12 Pa-cien-te|
 []


Underfull \hbox (badness 10000) in paragraph at lines 471--471
|\TU/TimesNewRoman(0)/b/n/12 Re-gión de in-te-rés|
 []


! LaTeX Error: Not in outer par mode.

See the LaTeX manual or LaTeX Companion for explanation.
Type  H <return>  for immediate help.
 ...                                              
                                                  
l.474 \begin{figure}[h]
                       
You've lost some text.  Try typing  <return>  to proceed.
If that doesn't work, type  X <return>  to quit.

<imagenes/torax vertices.png, id=107, 246.9225pt x 248.93pt>
File: imagenes/torax vertices.png Graphic file (type png)
<use imagenes/torax vertices.png>
Package luatex.def Info: imagenes/torax vertices.png  used on input line 476.
(luatex.def)             Requested size: 227.62206pt x 229.47037pt.

! LaTeX Error: Not in outer par mode.

See the LaTeX manual or LaTeX Companion for explanation.
Type  H <return>  for immediate help.
 ...                                              
                                                  
l.481 \begin{figure}[h]
                       
You've lost some text.  Try typing  <return>  to proceed.
If that doesn't work, type  X <return>  to quit.

<imagenes/torax vertices 2.png, id=108, 321.2pt x 222.8325pt>
File: imagenes/torax vertices 2.png Graphic file (type png)
<use imagenes/torax vertices 2.png>
Package luatex.def Info: imagenes/torax vertices 2.png  used on input line 483.

(luatex.def)             Requested size: 227.62206pt x 157.91637pt.

Underfull \hbox (badness 10000) in paragraph at lines 489--489
|\TU/TimesNewRoman(0)/b/n/12 Ra-yo Cen-tral|
 []


Underfull \hbox (badness 10000) in paragraph at lines 493--493
|\TU/TimesNewRoman(0)/b/n/12 Re-cep-tor de ima-gen|
 []


Underfull \hbox (badness 10000) in paragraph at lines 496--496
|\TU/TimesNewRoman(0)/b/n/12 Res-pi-ra-ción|
 []


Underfull \hbox (badness 10000) in paragraph at lines 499--499
|\TU/TimesNewRoman(0)/b/n/12 4. Ana-to-mía Vi-si-ble|
 []


Underfull \hbox (badness 10000) in paragraph at lines 503--503
|\TU/TimesNewRoman(0)/b/n/12 5. Cri-te-rios de Eva-lua-ción|
 []


Underfull \hbox (badness 10000) in paragraph at lines 511--511
|\TU/TimesNewRoman(0)/b/n/12 6. Pun-tos Crí-ti-cos|
 []


! LaTeX Error: Not in outer par mode.

See the LaTeX manual or LaTeX Companion for explanation.
Type  H <return>  for immediate help.
 ...                                              
                                                  
l.523 \begin{figure}[h]
                       
You've lost some text.  Try typing  <return>  to proceed.
If that doesn't work, type  X <return>  to quit.

<imagenes/torax vertice 3.png, id=109, 361.35pt x 372.39125pt>
File: imagenes/torax vertice 3.png Graphic file (type png)
<use imagenes/torax vertice 3.png>
Package luatex.def Info: imagenes/torax vertice 3.png  used on input line 525.
(luatex.def)             Requested size: 227.62206pt x 234.57932pt.

Underfull \hbox (badness 1199) in paragraph at lines 537--537
|[]\TU/TimesNewRoman(0)/b/n/14.4 Tó-rax - Obli-cuas de Co-ra-zón y Gran-des Va
-sos (OAD / OAI)|
 []


Underfull \hbox (badness 10000) in paragraph at lines 540--540
|\TU/TimesNewRoman(0)/b/n/12 1. Iden-ti-fi-ca-ción|
 []


Underfull \hbox (badness 10000) in paragraph at lines 578--578
|\TU/TimesNewRoman(0)/b/n/12 2. Téc-ni-ca Ba-se|
 []


Underfull \hbox (badness 10000) in paragraph at lines 612--612
|\TU/TimesNewRoman(0)/b/n/12 3. Po-si-cio-na-mien-to|
 []


Underfull \hbox (badness 10000) in paragraph at lines 614--614
|\TU/TimesNewRoman(0)/b/n/12 Pa-cien-te|
 []


Underfull \hbox (badness 10000) in paragraph at lines 619--619
|\TU/TimesNewRoman(0)/b/n/12 Re-gión de in-te-rés|
 []


Underfull \hbox (badness 10000) in paragraph at lines 645--645
|\TU/TimesNewRoman(0)/b/n/12 Ra-yo Cen-tral|
 []


Underfull \hbox (badness 10000) in paragraph at lines 657--657
|\TU/TimesNewRoman(0)/b/n/12 Re-cep-tor de ima-gen|
 []


Underfull \hbox (badness 10000) in paragraph at lines 668--668
|\TU/TimesNewRoman(0)/b/n/12 Res-pi-ra-ción|
 []


Underfull \hbox (badness 10000) in paragraph at lines 679--679
|\TU/TimesNewRoman(0)/b/n/12 4. Ana-to-mía Vi-si-ble|
 []


! LaTeX Error: Not in outer par mode.

See the LaTeX manual or LaTeX Companion for explanation.
Type  H <return>  for immediate help.
 ...                                              
                                                  
l.695     \centering
                    
You've lost some text.  Try typing  <return>  to proceed.
If that doesn't work, type  X <return>  to quit.

<imagenes/grandes vasos OAD.png, id=110, 851.18pt x 685.56125pt>
File: imagenes/grandes vasos OAD.png Graphic file (type png)
<use imagenes/grandes vasos OAD.png>
Package luatex.def Info: imagenes/grandes vasos OAD.png  used on input line 696
.
(luatex.def)             Requested size: 295.90588pt x 238.3286pt.

! LaTeX Error: Not in outer par mode.

See the LaTeX manual or LaTeX Companion for explanation.
Type  H <return>  for immediate help.
 ...                                              
                                                  
l.702     \centering
                    
You've lost some text.  Try typing  <return>  to proceed.
If that doesn't work, type  X <return>  to quit.

<imagenes/grandes vasos RX OAD.png, id=111, 872.25874pt x 618.31pt>
File: imagenes/grandes vasos RX OAD.png Graphic file (type png)
<use imagenes/grandes vasos RX OAD.png>
Package luatex.def Info: imagenes/grandes vasos RX OAD.png  used on input line 
703.
(luatex.def)             Requested size: 295.90588pt x 209.75089pt.

! LaTeX Error: Not in outer par mode.

See the LaTeX manual or LaTeX Companion for explanation.
Type  H <return>  for immediate help.
 ...                                              
                                                  
l.726     \centering
                    
You've lost some text.  Try typing  <return>  to proceed.
If that doesn't work, type  X <return>  to quit.

<imagenes/grandes vasos OAI.png, id=112, 922.44624pt x 683.55376pt>
File: imagenes/grandes vasos OAI.png Graphic file (type png)
<use imagenes/grandes vasos OAI.png>
Package luatex.def Info: imagenes/grandes vasos OAI.png  used on input line 727
.
(luatex.def)             Requested size: 295.90588pt x 219.2736pt.

! LaTeX Error: Not in outer par mode.

See the LaTeX manual or LaTeX Companion for explanation.
Type  H <return>  for immediate help.
 ...                                              
                                                  
l.733     \centering
                    
You've lost some text.  Try typing  <return>  to proceed.
If that doesn't work, type  X <return>  to quit.

<imagenes/grandes vasos RX OAI.png, id=113, 855.195pt x 581.17125pt>
File: imagenes/grandes vasos RX OAI.png Graphic file (type png)
<use imagenes/grandes vasos RX OAI.png>
Package luatex.def Info: imagenes/grandes vasos RX OAI.png  used on input line 
734.
(luatex.def)             Requested size: 295.90588pt x 201.08958pt.

Underfull \hbox (badness 10000) in paragraph at lines 741--741
|\TU/TimesNewRoman(0)/b/n/12 5. Cri-te-rios de Eva-lua-ción|
 []


Underfull \hbox (badness 10000) in paragraph at lines 779--779
|\TU/TimesNewRoman(0)/b/n/12 6. Pun-tos Crí-ti-cos|
 []


Underfull \hbox (badness 10000) in paragraph at lines 829--829
|[]\TU/TimesNewRoman(0)/b/n/14.4 Tó-rax - Pa-rri-lla Cos-tal Fren-te|
 []


Underfull \hbox (badness 10000) in paragraph at lines 832--832
|\TU/TimesNewRoman(0)/b/n/12 Anam-ne-sis Pre-via|
 []


Underfull \hbox (badness 10000) in paragraph at lines 851--851
|\TU/TimesNewRoman(0)/b/n/12 1. Iden-ti-fi-ca-ción|
 []


Underfull \hbox (badness 10000) in paragraph at lines 872--872
|\TU/TimesNewRoman(0)/b/n/12 2. Téc-ni-ca Ba-se|
 []


Underfull \hbox (badness 10000) in paragraph at lines 894--894
|\TU/TimesNewRoman(0)/b/n/12 3. Po-si-cio-na-mien-to|
 []


Underfull \hbox (badness 10000) in paragraph at lines 897--897
|\TU/TimesNewRoman(0)/b/n/10.95 3a. Cos-ti-llas Su-pra Dia-frag-má-ti-cas|
 []


! LaTeX Error: Not in outer par mode.

See the LaTeX manual or LaTeX Companion for explanation.
Type  H <return>  for immediate help.
 ...                                              
                                                  
l.923 \begin{figure}[h]
                       
You've lost some text.  Try typing  <return>  to proceed.
If that doesn't work, type  X <return>  to quit.

<imagenes/costilla supra.png, id=114, 320.19624pt x 388.45125pt>
File: imagenes/costilla supra.png Graphic file (type png)
<use imagenes/costilla supra.png>
Package luatex.def Info: imagenes/costilla supra.png  used on input line 925.
(luatex.def)             Requested size: 455.24411pt x 552.29811pt.

Underfull \hbox (badness 10000) in paragraph at lines 933--933
|\TU/TimesNewRoman(0)/b/n/10.95 3b. Cos-ti-llas In-fra Dia-frag-má-ti-cas|
 []


! LaTeX Error: Not in outer par mode.

See the LaTeX manual or LaTeX Companion for explanation.
Type  H <return>  for immediate help.
 ...                                              
                                                  
l.954 \begin{figure}[h]
                       
You've lost some text.  Try typing  <return>  to proceed.
If that doesn't work, type  X <return>  to quit.

<imagenes/costillas infra.png, id=115, 311.1625pt x 351.3125pt>
File: imagenes/costillas infra.png Graphic file (type png)
<use imagenes/costillas infra.png>
Package luatex.def Info: imagenes/costillas infra.png  used on input line 956.
(luatex.def)             Requested size: 455.24411pt x 513.98946pt.

Underfull \hbox (badness 10000) in paragraph at lines 963--963
|\TU/TimesNewRoman(0)/b/n/12 4. Ana-to-mía Vi-si-ble|
 []


Underfull \hbox (badness 10000) in paragraph at lines 981--981
|\TU/TimesNewRoman(0)/b/n/12 5. Cri-te-rios de Eva-lua-ción|
 []


Underfull \hbox (badness 10000) in paragraph at lines 997--997
|\TU/TimesNewRoman(0)/b/n/12 6. Pun-tos Crí-ti-cos|
 []


Underfull \hbox (badness 10000) in paragraph at lines 1019--1019
|[]\TU/TimesNewRoman(0)/b/n/14.4 Tó-rax - Ge-ne-ra-li-da-des de Obli-cuas de Pa
-rri-lla Cos-tal|
 []


Underfull \hbox (badness 10000) in paragraph at lines 1021--1021
|\TU/TimesNewRoman(0)/b/n/12 Fun-da-men-to y Jus-ti-fi-ca-ción|
 []


Underfull \hbox (badness 10000) in paragraph at lines 1036--1036
|\TU/TimesNewRoman(0)/b/n/12 No-men-cla-tu-ra|
 []


Underfull \hbox (badness 10000) in paragraph at lines 1048--1048
|\TU/TimesNewRoman(0)/b/n/12 Prin-ci-pio Fun-da-men-tal: qué la-do ale-jar|
 []


Underfull \hbox (badness 10000) in paragraph at lines 1057--1057
|\TU/TimesNewRoman(0)/b/n/12 Se-lec-ción de la Obli-cua Se-gún Zo-na de In-te-
rés|
 []


Underfull \hbox (badness 10000) in paragraph at lines 1084--1084
|\TU/TimesNewRoman(0)/b/n/12 1. Iden-ti-fi-ca-ción|
 []


Underfull \hbox (badness 10000) in paragraph at lines 1098--1098
|\TU/TimesNewRoman(0)/b/n/12 2. Téc-ni-ca Ba-se|
 []


Underfull \hbox (badness 10000) in paragraph at lines 1109--1109
|\TU/TimesNewRoman(0)/b/n/12 3. Po-si-cio-na-mien-to|
 []


Underfull \hbox (badness 10000) in paragraph at lines 1111--1111
|\TU/TimesNewRoman(0)/b/n/12 Pa-cien-te|
 []


Underfull \hbox (badness 10000) in paragraph at lines 1114--1114
|\TU/TimesNewRoman(0)/b/n/12 Re-gión de in-te-rés|
 []


! LaTeX Error: Not in outer par mode.

See the LaTeX manual or LaTeX Companion for explanation.
Type  H <return>  for immediate help.
 ...                                              
                                                  
l.1125     \centering
                     
You've lost some text.  Try typing  <return>  to proceed.
If that doesn't work, type  X <return>  to quit.

<imagenes/OA costillas.png, id=116, 414.79968pt x 311.66437pt>
File: imagenes/OA costillas.png Graphic file (type png)
<use imagenes/OA costillas.png>
Package luatex.def Info: imagenes/OA costillas.png  used on input line 1126.
(luatex.def)             Requested size: 455.24411pt x 342.06621pt.

Underfull \hbox (badness 10000) in paragraph at lines 1131--1131
|\TU/TimesNewRoman(0)/b/n/12 Ra-yo Cen-tral|
 []


Underfull \hbox (badness 10000) in paragraph at lines 1134--1134
|\TU/TimesNewRoman(0)/b/n/12 Re-cep-tor de ima-gen|
 []


Underfull \hbox (badness 10000) in paragraph at lines 1137--1137
|\TU/TimesNewRoman(0)/b/n/12 Res-pi-ra-ción|
 []


Underfull \hbox (badness 10000) in paragraph at lines 1144--1144
|\TU/TimesNewRoman(0)/b/n/12 4. Ana-to-mía Vi-si-ble|
 []


Underfull \hbox (badness 10000) in paragraph at lines 1155--1155
|\TU/TimesNewRoman(0)/b/n/12 5. Cri-te-rios de Eva-lua-ción|
 []


Underfull \hbox (badness 10000) in paragraph at lines 1166--1166
|\TU/TimesNewRoman(0)/b/n/12 6. Pun-tos Crí-ti-cos|
 []


! LaTeX Error: Not in outer par mode.

See the LaTeX manual or LaTeX Companion for explanation.
Type  H <return>  for immediate help.
 ...                                              
                                                  
l.1181     \centering
                     
You've lost some text.  Try typing  <return>  to proceed.
If that doesn't work, type  X <return>  to quit.

<imagenes/OAD costillas .png, id=117, 492.84125pt x 561.09625pt>
File: imagenes/OAD costillas .png Graphic file (type png)
<use imagenes/OAD costillas .png>
Package luatex.def Info: imagenes/OAD costillas .png  used on input line 1182.
(luatex.def)             Requested size: 227.62206pt x 259.15192pt.

! LaTeX Error: Not in outer par mode.

See the LaTeX manual or LaTeX Companion for explanation.
Type  H <return>  for immediate help.
 ...                                              
                                                  
l.1188     \centering
                     
You've lost some text.  Try typing  <return>  to proceed.
If that doesn't work, type  X <return>  to quit.

<imagenes/OAI costillas.png, id=118, 479.7925pt x 555.07375pt>
File: imagenes/OAI costillas.png Graphic file (type png)
<use imagenes/OAI costillas.png>
Package luatex.def Info: imagenes/OAI costillas.png  used on input line 1189.
(luatex.def)             Requested size: 227.62206pt x 263.34091pt.

Underfull \hbox (badness 10000) in paragraph at lines 1200--1200
|\TU/TimesNewRoman(0)/b/n/12 Ejer-ci-cio Clí-ni-co|
 []


! LaTeX Error: Not in outer par mode.

See the LaTeX manual or LaTeX Companion for explanation.
Type  H <return>  for immediate help.
 ...                                              
                                                  
l.1225     \centering
                     
You've lost some text.  Try typing  <return>  to proceed.
If that doesn't work, type  X <return>  to quit.

<imagenes/oblicuas costales ejercicio.png, id=119, 477.28313pt x 353.82187pt>
File: imagenes/oblicuas costales ejercicio.png Graphic file (type png)
<use imagenes/oblicuas costales ejercicio.png>
Package luatex.def Info: imagenes/oblicuas costales ejercicio.png  used on inpu
t line 1226.
(luatex.def)             Requested size: 295.90588pt x 219.3619pt.

! LaTeX Error: Not in outer par mode.

See the LaTeX manual or LaTeX Companion for explanation.
Type  H <return>  for immediate help.
 ...                                              
                                                  
l.1232     \centering
                     
You've lost some text.  Try typing  <return>  to proceed.
If that doesn't work, type  X <return>  to quit.

<oblicuas costales ejercicio 2.png, id=120, 533.74406pt x 409.53pt>
File: oblicuas costales ejercicio 2.png Graphic file (type png)
<use oblicuas costales ejercicio 2.png>
Package luatex.def Info: oblicuas costales ejercicio 2.png  used on input line 
1233.
(luatex.def)             Requested size: 295.90588pt x 227.04813pt.

Underfull \hbox (badness 10000) in paragraph at lines 1248--1248
|\TU/TimesNewRoman(0)/b/n/12 1. Iden-ti-fi-ca-ción|
 []


Underfull \hbox (badness 10000) in paragraph at lines 1262--1262
|\TU/TimesNewRoman(0)/b/n/12 2. Téc-ni-ca Ba-se|
 []


Underfull \hbox (badness 10000) in paragraph at lines 1273--1273
|\TU/TimesNewRoman(0)/b/n/12 3. Po-si-cio-na-mien-to|
 []


Underfull \hbox (badness 10000) in paragraph at lines 1275--1275
|\TU/TimesNewRoman(0)/b/n/12 Pa-cien-te|
 []


Underfull \hbox (badness 10000) in paragraph at lines 1278--1278
|\TU/TimesNewRoman(0)/b/n/12 Re-gión de in-te-rés|
 []


! LaTeX Error: Not in outer par mode.

See the LaTeX manual or LaTeX Companion for explanation.
Type  H <return>  for immediate help.
 ...                                              
                                                  
l.1293     \centering
                     
You've lost some text.  Try typing  <return>  to proceed.
If that doesn't work, type  X <return>  to quit.

<imagenes/OP costales.png, id=121, 515.67656pt x 283.0575pt>
File: imagenes/OP costales.png Graphic file (type png)
<use imagenes/OP costales.png>
Package luatex.def Info: imagenes/OP costales.png  used on input line 1294.
(luatex.def)             Requested size: 455.24411pt x 249.8947pt.

Underfull \hbox (badness 10000) in paragraph at lines 1300--1300
|\TU/TimesNewRoman(0)/b/n/12 Ra-yo Cen-tral|
 []


Underfull \hbox (badness 10000) in paragraph at lines 1303--1303
|\TU/TimesNewRoman(0)/b/n/12 Re-cep-tor de ima-gen|
 []


Underfull \hbox (badness 10000) in paragraph at lines 1306--1306
|\TU/TimesNewRoman(0)/b/n/12 Res-pi-ra-ción|
 []


Underfull \hbox (badness 10000) in paragraph at lines 1313--1313
|\TU/TimesNewRoman(0)/b/n/12 4. Ana-to-mía Vi-si-ble|
 []


Underfull \hbox (badness 10000) in paragraph at lines 1326--1326
|\TU/TimesNewRoman(0)/b/n/12 5. Cri-te-rios de Eva-lua-ción|
 []


Underfull \hbox (badness 10000) in paragraph at lines 1339--1339
|\TU/TimesNewRoman(0)/b/n/12 6. Pun-tos Crí-ti-cos|
 []


! LaTeX Error: Not in outer par mode.

See the LaTeX manual or LaTeX Companion for explanation.
Type  H <return>  for immediate help.
 ...                                              
                                                  
l.1356     \centering
                     
You've lost some text.  Try typing  <return>  to proceed.
If that doesn't work, type  X <return>  to quit.

<imagenes/OP costales 2.png, id=122, 527.9725pt x 494.84875pt>
File: imagenes/OP costales 2.png Graphic file (type png)
<use imagenes/OP costales 2.png>
Package luatex.def Info: imagenes/OP costales 2.png  used on input line 1357.
(luatex.def)             Requested size: 455.24411pt x 426.67915pt.

Underfull \hbox (badness 10000) in paragraph at lines 1367--1367
|\TU/TimesNewRoman(0)/b/n/12 In-ter-pre-ta-ción de Ima-gen: Iden-ti-fi-ca-ci
ón de la Obli-cua|
 []


! LaTeX Error: Not in outer par mode.

See the LaTeX manual or LaTeX Companion for explanation.
Type  H <return>  for immediate help.
 ...                                              
                                                  
l.1395 \begin{figure}[h]
                        
You've lost some text.  Try typing  <return>  to proceed.
If that doesn't work, type  X <return>  to quit.

<imagenes/OP costales 3.png, id=123, 685.8122pt x 429.85594pt>
File: imagenes/OP costales 3.png Graphic file (type png)
<use imagenes/OP costales 3.png>
Package luatex.def Info: imagenes/OP costales 3.png  used on input line 1397.
(luatex.def)             Requested size: 455.24411pt x 285.34557pt.
) (./prueba.tex

! LaTeX Error: Can be used only in preamble.

See the LaTeX manual or LaTeX Companion for explanation.
Type  H <return>  for immediate help.
 ...                                              
                                                  
l.8 \documentclass
                  [9pt,a4paper,twocolumn,twoside]{tau-class/tau}
Your command was ignored.
Type  I <command> <return>  to replace it with another command,
or  <return>  to continue without it.


! LaTeX Error: Can be used only in preamble.

See the LaTeX manual or LaTeX Companion for explanation.
Type  H <return>  for immediate help.
 ...                                              
                                                  
l.9 \usepackage
               [spanish,es-nodecimaldot,es-noindentfirst]{babel}
Your command was ignored.
Type  I <command> <return>  to replace it with another command,
or  <return>  to continue without it.

! Undefined control sequence.
l.15 \doctype
             {Técnicas Radiológicas}
The control sequence at the end of the top line
of your error message was never \def'ed. If you have
misspelled it (e.g., `\hobx'), type `I' and the correct
spelling (e.g., `I\hbox'). Otherwise just continue,
and I'll forget about whatever was undefined.

! Undefined control sequence.
l.22 \footinfo
              {Tórax}
The control sequence at the end of the top line
of your error message was never \def'ed. If you have
misspelled it (e.g., `\hobx'), type `I' and the correct
spelling (e.g., `I\hbox'). Otherwise just continue,
and I'll forget about whatever was undefined.

! Undefined control sequence.
l.23 \theday
            {\today}
The control sequence at the end of the top line
of your error message was never \def'ed. If you have
misspelled it (e.g., `\hobx'), type `I' and the correct
spelling (e.g., `I\hbox'). Otherwise just continue,
and I'll forget about whatever was undefined.

! Undefined control sequence.
l.24 \organization
                  {Tórax}
The control sequence at the end of the top line
of your error message was never \def'ed. If you have
misspelled it (e.g., `\hobx'), type `I' and the correct
spelling (e.g., `I\hbox'). Otherwise just continue,
and I'll forget about whatever was undefined.

! Undefined control sequence.
l.25 \leadauthor
                {Técnicas Radiológicas}
The control sequence at the end of the top line
of your error message was never \def'ed. If you have
misspelled it (e.g., `\hobx'), type `I' and the correct
spelling (e.g., `I\hbox'). Otherwise just continue,
and I'll forget about whatever was undefined.


! LaTeX Error: Can be used only in preamble.

See the LaTeX manual or L