This is LuaHBTeX, Version 1.24.0 (MiKTeX 25.12) (format=lualatex 2026.4.21)  22 APR 2026 18:57
 restricted system commands enabled.
**main.tex
(./main.tex
LaTeX2e <2025-11-01>
L3 programming layer <2025-12-24>
Lua module: luaotfload 2024-12-03 v3.29 Lua based OpenType font support
Lua module: lualibs 2023-07-13 v2.76 ConTeXt Lua standard libraries.
Lua module: lualibs-extended 2023-07-13 v2.76 ConTeXt Lua libraries -- extended 
collection.
luaotfload | conf : Root cache directory is "C:/Users/cosas/AppData/Local/MiKTeX
/luatex-cache/generic/names".
luaotfload | init : Loading fontloader "fontloader-2023-12-28.lua" from kpse-res
olved path "C:/Users/cosas/AppData/Local/Programs/MiKTeX/tex/luatex/luaotfload/f
ontloader-2023-12-28.lua".
Lua-only attribute luaotfload@noligature = 1
luaotfload | init : Context OpenType loader version 3.134
Inserting `luaotfload.node_processor' in `pre_linebreak_filter'.
Inserting `luaotfload.node_processor' in `hpack_filter'.
Inserting `luaotfload.glyph_stream' in `glyph_stream_provider'.
Inserting `luaotfload.define_font' in `define_font'.
Lua-only attribute luaotfload_color_attribute = 2
luaotfload | conf : Root cache directory is "C:/Users/cosas/AppData/Local/MiKTeX
/luatex-cache/generic/names".
Inserting `luaotfload.harf.strip_prefix' in `find_opentype_file'.
Inserting `luaotfload.harf.strip_prefix' in `find_truetype_file'.
Removing  `luaotfload.glyph_stream' from `glyph_stream_provider'.
Inserting `luaotfload.harf.glyphstream' in `glyph_stream_provider'.
Inserting `luaotfload.harf.finalize_vlist' in `post_linebreak_filter'.
Inserting `luaotfload.harf.finalize_hlist' in `hpack_filter'.
Inserting `luaotfload.cleanup_files' in `wrapup_run'.
Inserting `luaotfload.harf.finalize_unicode' in `finish_pdffile'.
Inserting `luaotfload.glyphinfo' in `glyph_info'.
Lua-only attribute luaotfload.letterspace_done = 3
Inserting `luaotfload.aux.set_sscale_dimens' in `luaotfload.patch_font'.
Inserting `luaotfload.aux.set_font_index' in `luaotfload.patch_font'.
Inserting `luaotfload.aux.patch_cambria_domh' in `luaotfload.patch_font'.
Inserting `luaotfload.aux.fixup_fontdata' in `luaotfload.patch_font_unsafe'.
Inserting `luaotfload.aux.set_capheight' in `luaotfload.patch_font'.
Inserting `luaotfload.aux.set_xheight' in `luaotfload.patch_font'.
Inserting `luaotfload.rewrite_fontname' in `luaotfload.patch_font'.
Inserting `tracingstacklevels' in `input_level_string'. (C:/Users/cosas/AppData
/Local/Programs/MiKTeX/tex/latex/base/report.cls
Document Class: report 2025/01/22 v1.4n Standard LaTeX document class
(C:/Users/cosas/AppData/Local/Programs/MiKTeX/tex/latex/base/size12.clo
File: size12.clo 2025/01/22 v1.4n Standard LaTeX file (size option)
luaotfload | db : Font names database loaded from C:/Users/cosas/AppData/Local/M
iKTeX/luatex-cache/generic/names/luaotfload-names.luc.gz)
\c@part=\count273
\c@chapter=\count274
\c@section=\count275
\c@subsection=\count276
\c@subsubsection=\count277
\c@paragraph=\count278
\c@subparagraph=\count279
\c@figure=\count280
\c@table=\count281
\abovecaptionskip=\skip49
\belowcaptionskip=\skip50
\bibindent=\dimen147
)
(C:/Users/cosas/AppData/Local/Programs/MiKTeX/tex/latex/fontspec/fontspec.sty
(C:/Users/cosas/AppData/Local/Programs/MiKTeX/tex/latex/l3packages/xparse/xpars
e.sty
(C:/Users/cosas/AppData/Local/Programs/MiKTeX/tex/latex/l3kernel/expl3.sty
Package: expl3 2025-12-24 L3 programming layer (loader) 

(C:/Users/cosas/AppData/Local/Programs/MiKTeX/tex/latex/l3backend/l3backend-lua
tex.def
File: l3backend-luatex.def 2025-10-09 L3 backend support: PDF output (LuaTeX)
\l__color_backend_stack_int=\count282
Inserting `l3color' in `luaotfload.parse_color'.))
Package: xparse 2025-10-09 L3 Experimental document command parser
)
Package: fontspec 2025/09/29 v2.9g Font selection for XeLaTeX and LuaLaTeX
Lua module: fontspec 2025/09/29 v2.9g Font selection for XeLaTeX and LuaLaTeX
(C:/Users/cosas/AppData/Local/Programs/MiKTeX/tex/latex/fontspec/fontspec-luate
x.sty
Package: fontspec-luatex 2025/09/29 v2.9g Font selection for XeLaTeX and LuaLaT
eX
\l__fontspec_script_int=\count283
\l__fontspec_language_int=\count284
\l__fontspec_strnum_int=\count285
\l__fontspec_tmp_int=\count286
\l__fontspec_tmpa_int=\count287
\l__fontspec_tmpb_int=\count288
\l__fontspec_tmpc_int=\count289
\l__fontspec_em_int=\count290
\l__fontspec_emdef_int=\count291
\l__fontspec_strong_int=\count292
\l__fontspec_strongdef_int=\count293
\l__fontspec_tmpa_dim=\dimen148
\l__fontspec_tmpb_dim=\dimen149
\l__fontspec_tmpc_dim=\dimen150
 (C:/Users/cosas/AppData/Local/Programs/MiKTeX/tex/latex/base/fontenc.sty
Package: fontenc 2025/07/18 v2.1d Standard LaTeX package
) (C:/Users/cosas/AppData/Local/Programs/MiKTeX/tex/latex/fontspec/fontspec.cfg
)))
luaotfload | cache : Lookup cache loaded from C:/Users/cosas/AppData/Local/MiKTe
X/luatex-cache/generic/names/luaotfload-lookup-cache.luc.

Package fontspec Info: 
(fontspec)             Font family 'TimesNewRoman(0)' created for font 'Times
(fontspec)             New Roman' with options [Ligatures=TeX].
(fontspec)              
(fontspec)              This font family consists of the following NFSS
(fontspec)             series/shapes:
(fontspec)              
(fontspec)             - 'normal' (m/n) with NFSS spec.: <->"name:Times New
(fontspec)             Roman:mode=node;script=latn;language=dflt;+tlig;"
(fontspec)             - 'small caps'  (m/sc) with NFSS spec.: <->"name:Times
(fontspec)             New
(fontspec)             Roman:mode=node;script=latn;language=dflt;+tlig;+smcp;"
(fontspec)             - 'bold' (b/n) with NFSS spec.: <->"name:Times New
(fontspec)             Roman/B:mode=node;script=latn;language=dflt;+tlig;"
(fontspec)             - 'bold small caps'  (b/sc) with NFSS spec.:
(fontspec)             <->"name:Times New
(fontspec)             Roman/B:mode=node;script=latn;language=dflt;+tlig;+smcp;
"
(fontspec)             - 'italic' (m/it) with NFSS spec.: <->"name:Times New
(fontspec)             Roman/I:mode=node;script=latn;language=dflt;+tlig;"
(fontspec)             - 'italic small caps'  (m/scit) with NFSS spec.:
(fontspec)             <->"name:Times New
(fontspec)             Roman/I:mode=node;script=latn;language=dflt;+tlig;+smcp;
"
(fontspec)             - 'bold italic' (b/it) with NFSS spec.: <->"name:Times
(fontspec)             New
(fontspec)             Roman/BI:mode=node;script=latn;language=dflt;+tlig;"
(fontspec)             - 'bold italic small caps'  (b/scit) with NFSS spec.:
(fontspec)             <->"name:Times New
(fontspec)             Roman/BI:mode=node;script=latn;language=dflt;+tlig;+smcp
;"

 (C:/Users/cosas/AppData/Local/Programs/MiKTeX/tex/generic/babel/babel.sty
Package: babel 2025/12/11 v25.17 The multilingual framework for LuaLaTeX, pdfLa
TeX and XeLaTeX

(C:/Users/cosas/AppData/Local/Programs/MiKTeX/tex/generic/babel/luababel.def
\bbl@readstream=\read2
\l@afrikaans=\language2
Package babel Info: Non-standard hyphenation setup on input line 118.
\l@ancientgreek=\language3
\l@armenian=\language4
\l@assamese=\language5
\l@basque=\language6
\l@belarusian=\language7
\l@bengali=\language8
\l@bokmal=\language9
\l@bulgarian=\language10
\l@catalan=\language11
\l@churchslavonic=\language12
\l@classiclatin=\language13
\l@coptic=\language14
\l@croatian=\language15
\l@czech=\language16
\l@danish=\language17
\l@dutch=\language18
\l@esperanto=\language19
\l@estonian=\language20
\l@ethiopic=\language21
\l@finnish=\language22
\l@french=\language23
\l@friulan=\language24
\l@galician=\language25
\l@georgian=\language26
\l@german=\language27
\l@greek=\language28
\l@gujarati=\language29
\l@hindi=\language30
\l@hungarian=\language31
\l@icelandic=\language32
\l@indonesian=\language33
\l@interlingua=\language34
\l@irish=\language35
\l@italian=\language36
\l@kannada=\language37
\l@kurmanji=\language38
\l@latin=\language39
\l@latvian=\language40
\l@lithuanian=\language41
\l@liturgicallatin=\language42
\l@macedonian=\language43
\l@malayalam=\language44
\l@marathi=\language45
\l@mongolian=\language46
\l@mongolianlmc=\language47
\l@monogreek=\language48
\l@ngerman=\language49
\l@nynorsk=\language50
\l@occitan=\language51
\l@oriya=\language52
\l@pali=\language53
\l@panjabi=\language54
\l@piedmontese=\language55
\l@polish=\language56
\l@portuguese=\language57
\l@romanian=\language58
\l@romansh=\language59
\l@russian=\language60
\l@sanskrit=\language61
\l@serbian=\language62
\l@serbianc=\language63
\l@slovak=\language64
\l@slovenian=\language65
\l@spanish=\language66
\l@swedish=\language67
\l@swissgerman=\language68
\l@tamil=\language69
\l@telugu=\language70
\l@thai=\language71
\l@turkish=\language72
\l@turkmen=\language73
\l@ukenglish=\language74
\l@ukrainian=\language75
\l@uppersorbian=\language76
\l@usenglishmax=\language77
\l@welsh=\language78
\babelcatcodetablenum=\catcodetable14
\bbl@pattcodes=\catcodetable15
)
\babel@savecnt=\count294
LaTeX Encoding Info:    Redeclaring text command \ij (encoding OT1) on input li
ne 2068.
LaTeX Encoding Info:    Redeclaring text command \IJ (encoding OT1) on input li
ne 2070.
LaTeX Encoding Info:    Redeclaring text command \ij (encoding T1) on input lin
e 2072.
LaTeX Encoding Info:    Redeclaring text command \IJ (encoding T1) on input lin
e 2073.
LaTeX Encoding Info:    Ignoring declaration for text command \ij (encoding ?) 
on input line 2074.
LaTeX Encoding Info:    Ignoring declaration for text command \IJ (encoding ?) 
on input line 2076.
LaTeX Encoding Info:    Ignoring declaration for text command \SS (encoding ?) 
on input line 2101.
\U@D=\dimen151
\l@unhyphenated=\language79

(C:/Users/cosas/AppData/Local/Programs/MiKTeX/tex/generic/babel/luababel.def
\bbl@attr@locale=\attribute4
)
Package babel Info: Configuration files are deprecated, as
(babel)             they can break document portability.
(babel)             Reported on input line 4196.

*************************************
* Local config file bblopts.cfg used
*
(C:/Users/cosas/AppData/Local/Programs/MiKTeX/tex/latex/arabi/bblopts.cfg
File: bblopts.cfg 2005/09/08 v0.1 add Arabic and Farsi to "declared" options of
 babel
)
(C:/Users/cosas/AppData/Local/Programs/MiKTeX/tex/generic/babel/locale/es/babel
-spanish.tex)
Package babel Info: Importing font and identification data for spanish
(babel)             from babel-es.ini. Reported on input line 4320.

(C:/Users/cosas/AppData/Local/Programs/MiKTeX/tex/latex/babel-spanish/spanish.l
df
Language: spanish.ldf 2021/05/27 v5.0q Spanish support from the babel system
\es@quottoks=\toks17
\es@quotdepth=\count295
Package babel Info: Making " an active character on input line 570.
Package babel Info: Making . an active character on input line 675.
Package babel Info: Making < an active character on input line 722.
Package babel Info: Making > an active character on input line 722.

(C:/Users/cosas/AppData/Local/Programs/MiKTeX/tex/generic/hyph-utf8/loadhyph/lo
adhyph-es.tex UTF-8 Spanish hyphenation patterns
(C:/Users/cosas/AppData/Local/Programs/MiKTeX/tex/generic/hyph-utf8/patterns/te
x/hyph-es.tex))))
LaTeX Encoding Info:    Redeclaring text command \guillemotleft (encoding OT1) 
on input line 18.
LaTeX Encoding Info:    Redeclaring text command \guillemotright (encoding OT1)
 on input line 18.

(C:/Users/cosas/AppData/Local/Programs/MiKTeX/tex/latex/geometry/geometry.sty
Package: geometry 2026/03/07 v6.0 Page Geometry

(C:/Users/cosas/AppData/Local/Programs/MiKTeX/tex/latex/graphics/keyval.sty
Package: keyval 2022/05/29 v1.15 key=value parser (DPC)
\KV@toks@=\toks18
)
(C:/Users/cosas/AppData/Local/Programs/MiKTeX/tex/generic/iftex/ifvtex.sty
Package: ifvtex 2019/10/25 v1.7 ifvtex legacy package. Use iftex instead.

(C:/Users/cosas/AppData/Local/Programs/MiKTeX/tex/generic/iftex/iftex.sty
Package: iftex 2024/12/12 v1.0g TeX engine tests
))
\Gm@cnth=\count296
\Gm@cntv=\count297
\c@Gm@tempcnt=\count298
\Gm@bindingoffset=\dimen152
\Gm@wd@mp=\dimen153
\Gm@odd@mp=\dimen154
\Gm@even@mp=\dimen155
\Gm@layoutwidth=\dimen156
\Gm@layoutheight=\dimen157
\Gm@layouthoffset=\dimen158
\Gm@layoutvoffset=\dimen159
\Gm@dimlist=\toks19

(C:/Users/cosas/AppData/Local/Programs/MiKTeX/tex/latex/geometry/geometry.cfg)) (C:/Users/cosas/AppData/Local/Programs/MiKTeX/tex/latex/parskip/parskip.sty
Package: parskip 2021-03-14 v2.0h non-zero parskip adjustments

(C:/Users/cosas/AppData/Local/Programs/MiKTeX/tex/latex/kvoptions/kvoptions.sty
Package: kvoptions 2022-06-15 v3.15 Key value format for package options (HO)
(C:/Users/cosas/AppData/Local/Programs/MiKTeX/tex/generic/ltxcmds/ltxcmds.sty
Package: ltxcmds 2023-12-04 v1.26 LaTeX kernel commands for general use (HO)
)
(C:/Users/cosas/AppData/Local/Programs/MiKTeX/tex/latex/kvsetkeys/kvsetkeys.sty
Package: kvsetkeys 2022-10-05 v1.19 Key value parser (HO)
))
(C:/Users/cosas/AppData/Local/Programs/MiKTeX/tex/latex/etoolbox/etoolbox.sty
Package: etoolbox 2025/10/02 v2.5m e-TeX tools for LaTeX (JAW)
\etb@tempcnta=\count299
)) (C:/Users/cosas/AppData/Local/Programs/MiKTeX/tex/latex/xcolor/xcolor.sty
Package: xcolor 2024/09/29 v3.02 LaTeX color extensions (UK)

(C:/Users/cosas/AppData/Local/Programs/MiKTeX/tex/latex/graphics-cfg/color.cfg
File: color.cfg 2016/01/02 v1.6 sample color configuration
)
Package xcolor Info: Driver file: luatex.def on input line 274.

(C:/Users/cosas/AppData/Local/Programs/MiKTeX/tex/latex/graphics-def/luatex.def
File: luatex.def 2025/09/29 v1.2f Graphics/color driver for luatex
)
(C:/Users/cosas/AppData/Local/Programs/MiKTeX/tex/latex/graphics/mathcolor.ltx)
Package xcolor Info: Model `cmy' substituted by `cmy0' on input line 1349.
Package xcolor Info: Model `hsb' substituted by `rgb' on input line 1353.
Package xcolor Info: Model `RGB' extended on input line 1365.
Package xcolor Info: Model `HTML' substituted by `rgb' on input line 1367.
Package xcolor Info: Model `Hsb' substituted by `hsb' on input line 1368.
Package xcolor Info: Model `tHsb' substituted by `hsb' on input line 1369.
Package xcolor Info: Model `HSB' substituted by `hsb' on input line 1370.
Package xcolor Info: Model `Gray' substituted by `gray' on input line 1371.
Package xcolor Info: Model `wave' substituted by `hsb' on input line 1372.
) (C:/Users/cosas/AppData/Local/Programs/MiKTeX/tex/latex/titlesec/titlesec.sty
Package: titlesec 2025/01/04 v2.17 Sectioning titles
\ttl@box=\box53
\beforetitleunit=\skip51
\aftertitleunit=\skip52
\ttl@plus=\dimen160
\ttl@minus=\dimen161
\ttl@toksa=\toks20
\titlewidth=\dimen162
\titlewidthlast=\dimen163
\titlewidthfirst=\dimen164
) (C:/Users/cosas/AppData/Local/Programs/MiKTeX/tex/latex/booktabs/booktabs.sty
Package: booktabs 2020/01/12 v1.61803398 Publication quality tables
\heavyrulewidth=\dimen165
\lightrulewidth=\dimen166
\cmidrulewidth=\dimen167
\belowrulesep=\dimen168
\belowbottomsep=\dimen169
\aboverulesep=\dimen170
\abovetopsep=\dimen171
\cmidrulesep=\dimen172
\cmidrulekern=\dimen173
\defaultaddspace=\dimen174
\@cmidla=\count300
\@cmidlb=\count301
\@aboverulesep=\dimen175
\@belowrulesep=\dimen176
\@thisruleclass=\count302
\@lastruleclass=\count303
\@thisrulewidth=\dimen177
) (C:/Users/cosas/AppData/Local/Programs/MiKTeX/tex/latex/tools/array.sty
Package: array 2025/09/25 v2.6n Tabular extension package (FMi)
\col@sep=\dimen178
\ar@mcellbox=\box54
\extrarowheight=\dimen179
\NC@list=\toks21
\extratabsurround=\skip53
\backup@length=\skip54
\ar@cellbox=\box55
)
(C:/Users/cosas/AppData/Local/Programs/MiKTeX/tex/latex/enumitem/enumitem.sty
Package: enumitem 2025/02/06 v3.11 Customized lists
\labelindent=\skip55
\enit@outerparindent=\dimen180
\enit@toks=\toks22
\enit@inbox=\box56
\enit@count@id=\count304
\enitdp@description=\count305
)
(C:/Users/cosas/AppData/Local/Programs/MiKTeX/tex/latex/mdframed/mdframed.sty
Package: mdframed 2013/07/01 1.9b: mdframed

(C:/Users/cosas/AppData/Local/Programs/MiKTeX/tex/latex/zref/zref-abspage.sty
Package: zref-abspage 2026-03-07 v2.37 Module abspage for zref (HO)

(C:/Users/cosas/AppData/Local/Programs/MiKTeX/tex/latex/zref/zref-base.sty
Package: zref-base 2026-03-07 v2.37 Module base for zref (HO)

(C:/Users/cosas/AppData/Local/Programs/MiKTeX/tex/generic/infwarerr/infwarerr.s
ty
Package: infwarerr 2019/12/03 v1.5 Providing info/warning/error messages (HO)
)
(C:/Users/cosas/AppData/Local/Programs/MiKTeX/tex/generic/kvdefinekeys/kvdefine
keys.sty
Package: kvdefinekeys 2019-12-19 v1.6 Define keys (HO)
)
(C:/Users/cosas/AppData/Local/Programs/MiKTeX/tex/generic/pdftexcmds/pdftexcmds
.sty
Package: pdftexcmds 2020-06-27 v0.33 Utility functions of pdfTeX for LuaTeX (HO
)
Package pdftexcmds Info: \pdf@primitive is available.
Package pdftexcmds Info: \pdf@ifprimitive is available.
Package pdftexcmds Info: \pdfdraftmode found.
\pdftexcmds@toks=\toks23
)
(C:/Users/cosas/AppData/Local/Programs/MiKTeX/tex/generic/etexcmds/etexcmds.sty
Package: etexcmds 2019/12/15 v1.7 Avoid name clashes with e-TeX commands (HO)
) (C:/Users/cosas/AppData/Local/Programs/MiKTeX/tex/latex/auxhook/auxhook.sty
Package: auxhook 2019-12-17 v1.6 Hooks for auxiliary files (HO)
)
Package zref Info: New property list: main on input line 767.
Package zref Info: New property: default on input line 768.
Package zref Info: New property: page on input line 769.
)
\c@abspage=\count306
Package zref Info: New property: abspage on input line 67.
)
(C:/Users/cosas/AppData/Local/Programs/MiKTeX/tex/latex/needspace/needspace.sty
Package: needspace 2025/03/13 v1.3e reserve vertical space
)
\mdf@templength=\skip56
\c@mdf@globalstyle@cnt=\count307
\mdf@skipabove@length=\skip57
\mdf@skipbelow@length=\skip58
\mdf@leftmargin@length=\skip59
\mdf@rightmargin@length=\skip60
\mdf@innerleftmargin@length=\skip61
\mdf@innerrightmargin@length=\skip62
\mdf@innertopmargin@length=\skip63
\mdf@innerbottommargin@length=\skip64
\mdf@splittopskip@length=\skip65
\mdf@splitbottomskip@length=\skip66
\mdf@outermargin@length=\skip67
\mdf@innermargin@length=\skip68
\mdf@linewidth@length=\skip69
\mdf@innerlinewidth@length=\skip70
\mdf@middlelinewidth@length=\skip71
\mdf@outerlinewidth@length=\skip72
\mdf@roundcorner@length=\skip73
\mdf@footenotedistance@length=\skip74
\mdf@userdefinedwidth@length=\skip75
\mdf@needspace@length=\skip76
\mdf@frametitleaboveskip@length=\skip77
\mdf@frametitlebelowskip@length=\skip78
\mdf@frametitlerulewidth@length=\skip79
\mdf@frametitleleftmargin@length=\skip80
\mdf@frametitlerightmargin@length=\skip81
\mdf@shadowsize@length=\skip82
\mdf@extratopheight@length=\skip83
\mdf@subtitleabovelinewidth@length=\skip84
\mdf@subtitlebelowlinewidth@length=\skip85
\mdf@subtitleaboveskip@length=\skip86
\mdf@subtitlebelowskip@length=\skip87
\mdf@subtitleinneraboveskip@length=\skip88
\mdf@subtitleinnerbelowskip@length=\skip89
\mdf@subsubtitleabovelinewidth@length=\skip90
\mdf@subsubtitlebelowlinewidth@length=\skip91
\mdf@subsubtitleaboveskip@length=\skip92
\mdf@subsubtitlebelowskip@length=\skip93
\mdf@subsubtitleinneraboveskip@length=\skip94
\mdf@subsubtitleinnerbelowskip@length=\skip95

(C:/Users/cosas/AppData/Local/Programs/MiKTeX/tex/latex/mdframed/md-frame-0.mdf
File: md-frame-0.mdf 2013/07/01\ 1.9b: md-frame-0
)
\mdf@frametitlebox=\box57
\mdf@footnotebox=\box58
\mdf@splitbox@one=\box59
\mdf@splitbox@two=\box60
\mdf@splitbox@save=\box61
\mdfsplitboxwidth=\skip96
\mdfsplitboxtotalwidth=\skip97
\mdfsplitboxheight=\skip98
\mdfsplitboxdepth=\skip99
\mdfsplitboxtotalheight=\skip100
\mdfframetitleboxwidth=\skip101
\mdfframetitleboxtotalwidth=\skip102
\mdfframetitleboxheight=\skip103
\mdfframetitleboxdepth=\skip104
\mdfframetitleboxtotalheight=\skip105
\mdffootnoteboxwidth=\skip106
\mdffootnoteboxtotalwidth=\skip107
\mdffootnoteboxheight=\skip108
\mdffootnoteboxdepth=\skip109
\mdffootnoteboxtotalheight=\skip110
\mdftotallinewidth=\skip111
\mdfboundingboxwidth=\skip112
\mdfboundingboxtotalwidth=\skip113
\mdfboundingboxheight=\skip114
\mdfboundingboxdepth=\skip115
\mdfboundingboxtotalheight=\skip116
\mdf@freevspace@length=\skip117
\mdf@horizontalwidthofbox@length=\skip118
\mdf@verticalmarginwhole@length=\skip119
\mdf@horizontalspaceofbox=\skip120
\mdfsubtitleheight=\skip121
\mdfsubsubtitleheight=\skip122
\c@mdfcountframes=\count308

****** mdframed patching \endmdf@trivlist

****** -- success******

\mdf@envdepth=\count309
\c@mdf@env@i=\count310
\c@mdf@env@ii=\count311
\c@mdf@zref@counter=\count312
Package zref Info: New property: mdf@pagevalue on input line 895.
)
(C:/Users/cosas/AppData/Local/Programs/MiKTeX/tex/latex/fancyhdr/fancyhdr.sty
Package: fancyhdr 2025/02/07 v5.2 Extensive control of page headers and footers

\f@nch@headwidth=\skip123
\f@nch@offset@elh=\skip124
\f@nch@offset@erh=\skip125
\f@nch@offset@olh=\skip126
\f@nch@offset@orh=\skip127
\f@nch@offset@elf=\skip128
\f@nch@offset@erf=\skip129
\f@nch@offset@olf=\skip130
\f@nch@offset@orf=\skip131
\f@nch@height=\skip132
\f@nch@footalignment=\skip133
\f@nch@widthL=\skip134
\f@nch@widthC=\skip135
\f@nch@widthR=\skip136
\@temptokenb=\toks24
)
(C:/Users/cosas/AppData/Local/Programs/MiKTeX/tex/latex/graphics/graphicx.sty
Package: graphicx 2024/12/31 v1.2e Enhanced LaTeX Graphics (DPC,SPQR)

(C:/Users/cosas/AppData/Local/Programs/MiKTeX/tex/latex/graphics/graphics.sty
Package: graphics 2024/08/06 v1.4g Standard LaTeX Graphics (DPC,SPQR)

(C:/Users/cosas/AppData/Local/Programs/MiKTeX/tex/latex/graphics/trig.sty
Package: trig 2023/12/02 v1.11 sin cos tan (DPC)
)
(C:/Users/cosas/AppData/Local/Programs/MiKTeX/tex/latex/graphics-cfg/graphics.c
fg
File: graphics.cfg 2016/06/04 v1.11 sample graphics configuration
)
Package graphics Info: Driver file: luatex.def on input line 106.
)
\Gin@req@height=\dimen181
\Gin@req@width=\dimen182
)
(C:/Users/cosas/AppData/Local/Programs/MiKTeX/tex/latex/tools/multicol.sty
Package: multicol 2025/10/21 v2.0b multicolumn formatting (FMi)
\c@tracingmulticols=\count313
\mult@box=\box62
\multicol@leftmargin=\dimen183
\c@unbalance=\count314
\c@collectmore=\count315
\doublecol@number=\count316
\multicoltolerance=\count317
\multicolpretolerance=\count318
\full@width=\dimen184
\page@free=\dimen185
\premulticols=\dimen186
\postmulticols=\dimen187
\multicolsep=\skip137
\multicolbaselineskip=\skip138
\partial@page=\box63
\last@line=\box64
\mc@boxedresult=\box65
\maxbalancingoverflow=\dimen188
\mult@rightbox=\box66
\mult@grightbox=\box67
\mult@firstbox=\box68
\mult@gfirstbox=\box69
\@tempa=\box70
\@tempa=\box71
\@tempa=\box72
\@tempa=\box73
\@tempa=\box74
\@tempa=\box75
\@tempa=\box76
\@tempa=\box77
\@tempa=\box78
\@tempa=\box79
\@tempa=\box80
\@tempa=\box81
\@tempa=\box82
\@tempa=\box83
\@tempa=\box84
\@tempa=\box85
\@tempa=\box86
\@tempa=\box87
\@tempa=\box88
\@tempa=\box89
\@tempa=\box90
\@tempa=\box91
\@tempa=\box92
\@tempa=\box93
\@tempa=\box94
\@tempa=\box95
\@tempa=\box96
\@tempa=\box97
\@tempa=\box98
\@tempa=\box99
\@tempa=\box100
\@tempa=\box101
\@tempa=\box102
\@tempa=\box103
\@tempa=\box104
\@tempa=\box105
\c@minrows=\count319
\c@columnbadness=\count320
\c@finalcolumnbadness=\count321
\last@try=\dimen189
\multicolovershoot=\dimen190
\multicolundershoot=\dimen191
\mult@nat@firstbox=\box106
\colbreak@box=\box107
\mc@col@check@num=\count322
\g__mc_curr_col_int=\count323
)
(C:/Users/cosas/AppData/Local/Programs/MiKTeX/tex/latex/draftwatermark/draftwat
ermark.sty
Package: draftwatermark 2024/03/04 3.3 Put a gray textual watermark on document
 pages
)
(C:/Users/cosas/AppData/Local/Programs/MiKTeX/tex/latex/hyperref/hyperref.sty
Package: hyperref 2025-07-12 v7.01o Hypertext links for LaTeX

(C:/Users/cosas/AppData/Local/Programs/MiKTeX/tex/generic/pdfescape/pdfescape.s
ty
Package: pdfescape 2019/12/09 v1.15 Implements pdfTeX's escape features (HO)
) (C:/Users/cosas/AppData/Local/Programs/MiKTeX/tex/latex/hycolor/hycolor.sty
Package: hycolor 2020-01-27 v1.10 Color options for hyperref/bookmark (HO)
) (C:/Users/cosas/AppData/Local/Programs/MiKTeX/tex/latex/hyperref/nameref.sty
Package: nameref 2025-06-21 v2.57 Cross-referencing by name of section

(C:/Users/cosas/AppData/Local/Programs/MiKTeX/tex/latex/refcount/refcount.sty
Package: refcount 2019/12/15 v3.6 Data extraction from label references (HO)
)
(C:/Users/cosas/AppData/Local/Programs/MiKTeX/tex/generic/gettitlestring/gettit
lestring.sty
Package: gettitlestring 2019/12/15 v1.6 Cleanup title references (HO)
)
\c@section@level=\count324
)
(C:/Users/cosas/AppData/Local/Programs/MiKTeX/tex/generic/stringenc/stringenc.s
ty
Package: stringenc 2019/11/29 v1.12 Convert strings between diff. encodings (HO
)
)
\@linkdim=\dimen192
\Hy@linkcounter=\count325
\Hy@pagecounter=\count326
 (C:/Users/cosas/AppData/Local/Programs/MiKTeX/tex/latex/hyperref/pd1enc.def
File: pd1enc.def 2025-07-12 v7.01o Hyperref: PDFDocEncoding definition (HO)
) (C:/Users/cosas/AppData/Local/Programs/MiKTeX/tex/generic/intcalc/intcalc.sty
Package: intcalc 2019/12/15 v1.3 Expandable calculations with integers (HO)
)
\Hy@SavedSpaceFactor=\count327
 (C:/Users/cosas/AppData/Local/Programs/MiKTeX/tex/latex/hyperref/puenc.def
File: puenc.def 2025-07-12 v7.01o Hyperref: PDF Unicode definition (HO)
)
Package hyperref Info: Hyper figures OFF on input line 4195.
Package hyperref Info: Link nesting OFF on input line 4200.
Package hyperref Info: Hyper index ON on input line 4203.
Package hyperref Info: Plain pages OFF on input line 4210.
Package hyperref Info: Backreferencing OFF on input line 4215.
Package hyperref Info: Implicit mode ON; LaTeX internals redefined.
Package hyperref Info: Bookmarks ON on input line 4462.
\c@Hy@tempcnt=\count328

(C:/Users/cosas/AppData/Local/Programs/MiKTeX/tex/latex/url/url.sty
\Urlmuskip=\muskip17
Package: url 2013/09/16  ver 3.4  Verb mode for urls, etc.
)
LaTeX Info: Redefining \url on input line 4801.
\XeTeXLinkMargin=\dimen193

(C:/Users/cosas/AppData/Local/Programs/MiKTeX/tex/generic/bitset/bitset.sty
Package: bitset 2019/12/09 v1.3 Handle bit-vector datatype (HO)

(C:/Users/cosas/AppData/Local/Programs/MiKTeX/tex/generic/bigintcalc/bigintcalc
.sty
Package: bigintcalc 2019/12/15 v1.5 Expandable calculations on big integers (HO
)
))
\Fld@menulength=\count329
\Field@Width=\dimen194
\Fld@charsize=\dimen195
Package hyperref Info: Hyper figures OFF on input line 6078.
Package hyperref Info: Link nesting OFF on input line 6083.
Package hyperref Info: Hyper index ON on input line 6086.
Package hyperref Info: backreferencing OFF on input line 6093.
Package hyperref Info: Link coloring OFF on input line 6098.
Package hyperref Info: Link coloring with OCG OFF on input line 6103.
Package hyperref Info: PDF/A mode OFF on input line 6108.
\Hy@abspage=\count330
\c@Item=\count331
\c@Hfootnote=\count332
)
Package hyperref Info: Driver (autodetected): hluatex.

(C:/Users/cosas/AppData/Local/Programs/MiKTeX/tex/latex/hyperref/hluatex.def
File: hluatex.def 2025-07-12 v7.01o Hyperref driver for luaTeX
\Fld@listcount=\count333
\c@bookmark@seq@number=\count334

(C:/Users/cosas/AppData/Local/Programs/MiKTeX/tex/latex/rerunfilecheck/rerunfil
echeck.sty
Package: rerunfilecheck 2025-06-21 v1.11 Rerun checks for auxiliary files (HO)

(C:/Users/cosas/AppData/Local/Programs/MiKTeX/tex/generic/uniquecounter/uniquec
ounter.sty
Package: uniquecounter 2019/12/15 v1.4 Provide unlimited unique counter (HO)
)
Package uniquecounter Info: New unique counter `rerunfilecheck' on input line 2
84.
)
\Hy@SectionHShift=\skip139
)
Package hyperref Info: Option `colorlinks' set `true' on input line 147.
 (./main.aux
LaTeX Info: Redefining \. on input line 12.
LaTeX Info: Redefining \% on input line 12.
Package babel Info: 'spanish' activates 'spanish' shorthands.
(babel)             Reported on input line 12.
)
\openout1 = main.aux

LaTeX Font Info:    Checking defaults for OML/cmm/m/it on input line 150.
LaTeX Font Info:    ... okay on input line 150.
LaTeX Font Info:    Checking defaults for OMS/cmsy/m/n on input line 150.
LaTeX Font Info:    ... okay on input line 150.
LaTeX Font Info:    Checking defaults for OT1/cmr/m/n on input line 150.
LaTeX Font Info:    ... okay on input line 150.
LaTeX Font Info:    Checking defaults for T1/cmr/m/n on input line 150.
LaTeX Font Info:    ... okay on input line 150.
LaTeX Font Info:    Checking defaults for TS1/cmr/m/n on input line 150.
LaTeX Font Info:    ... okay on input line 150.
LaTeX Font Info:    Checking defaults for TU/lmr/m/n on input line 150.
LaTeX Font Info:    ... okay on input line 150.
LaTeX Font Info:    Checking defaults for OMX/cmex/m/n on input line 150.
LaTeX Font Info:    ... okay on input line 150.
LaTeX Font Info:    Checking defaults for U/cmr/m/n on input line 150.
LaTeX Font Info:    ... okay on input line 150.
LaTeX Font Info:    Checking defaults for PD1/pdf/m/n on input line 150.
LaTeX Font Info:    ... okay on input line 150.
LaTeX Font Info:    Checking defaults for PU/pdf/m/n on input line 150.
LaTeX Font Info:    ... okay on input line 150.

Package fontspec Info: 
(fontspec)             Adjusting the maths setup (use [no-math] to avoid
(fontspec)             this).

\symlegacymaths=\mathgroup4
LaTeX Font Info:    Overwriting symbol font `legacymaths' in version `bold'
(Font)                  OT1/cmr/m/n --> OT1/cmr/bx/n on input line 150.
LaTeX Font Info:    Redeclaring math accent \acute on input line 150.
LaTeX Font Info:    Redeclaring math accent \grave on input line 150.
LaTeX Font Info:    Redeclaring math accent \ddot on input line 150.
LaTeX Font Info:    Redeclaring math accent \tilde on input line 150.
LaTeX Font Info:    Redeclaring math accent \bar on input line 150.
LaTeX Font Info:    Redeclaring math accent \breve on input line 150.
LaTeX Font Info:    Redeclaring math accent \check on input line 150.
LaTeX Font Info:    Redeclaring math accent \hat on input line 150.
LaTeX Font Info:    Redeclaring math accent \dot on input line 150.
LaTeX Font Info:    Redeclaring math accent \mathring on input line 150.
LaTeX Font Info:    Redeclaring math symbol \colon on input line 150.
LaTeX Font Info:    Redeclaring math symbol \Gamma on input line 150.
LaTeX Font Info:    Redeclaring math symbol \Delta on input line 150.
LaTeX Font Info:    Redeclaring math symbol \Theta on input line 150.
LaTeX Font Info:    Redeclaring math symbol \Lambda on input line 150.
LaTeX Font Info:    Redeclaring math symbol \Xi on input line 150.
LaTeX Font Info:    Redeclaring math symbol \Pi on input line 150.
LaTeX Font Info:    Redeclaring math symbol \Sigma on input line 150.
LaTeX Font Info:    Redeclaring math symbol \Upsilon on input line 150.
LaTeX Font Info:    Redeclaring math symbol \Phi on input line 150.
LaTeX Font Info:    Redeclaring math symbol \Psi on input line 150.
LaTeX Font Info:    Redeclaring math symbol \Omega on input line 150.
LaTeX Font Info:    Redeclaring math symbol \mathdollar on input line 150.
LaTeX Font Info:    Redeclaring symbol font `operators' on input line 150.
LaTeX Font Info:    Encoding `OT1' has changed to `TU' for symbol font
(Font)              `operators' in the math version `normal' on input line 150.

LaTeX Font Info:    Overwriting symbol font `operators' in version `normal'
(Font)                  OT1/cmr/m/n --> TU/TimesNewRoman(0)/m/n on input line 1
50.
LaTeX Font Info:    Encoding `OT1' has changed to `TU' for symbol font
(Font)              `operators' in the math version `bold' on input line 150.
LaTeX Font Info:    Overwriting symbol font `operators' in version `bold'
(Font)                  OT1/cmr/bx/n --> TU/TimesNewRoman(0)/m/n on input line 
150.
LaTeX Font Info:    Overwriting symbol font `operators' in version `normal'
(Font)                  TU/TimesNewRoman(0)/m/n --> TU/TimesNewRoman(0)/m/n on 
input line 150.
LaTeX Font Info:    Overwriting math alphabet `\mathit' in version `normal'
(Font)                  OT1/cmr/m/it --> TU/TimesNewRoman(0)/m/it on input line
 150.
LaTeX Font Info:    Overwriting math alphabet `\mathbf' in version `normal'
(Font)                  OT1/cmr/bx/n --> TU/TimesNewRoman(0)/b/n on input line 
150.
LaTeX Font Info:    Overwriting math alphabet `\mathsf' in version `normal'
(Font)                  OT1/cmss/m/n --> TU/lmss/m/n on input line 150.
LaTeX Font Info:    Overwriting math alphabet `\mathtt' in version `normal'
(Font)                  OT1/cmtt/m/n --> TU/lmtt/m/n on input line 150.
LaTeX Font Info:    Overwriting symbol font `operators' in version `bold'
(Font)                  TU/TimesNewRoman(0)/m/n --> TU/TimesNewRoman(0)/b/n on 
input line 150.
LaTeX Font Info:    Overwriting math alphabet `\mathit' in version `bold'
(Font)                  OT1/cmr/bx/it --> TU/TimesNewRoman(0)/b/it on input lin
e 150.
LaTeX Font Info:    Overwriting math alphabet `\mathsf' in version `bold'
(Font)                  OT1/cmss/bx/n --> TU/lmss/b/n on input line 150.
LaTeX Font Info:    Overwriting math alphabet `\mathtt' in version `bold'
(Font)                  OT1/cmtt/m/n --> TU/lmtt/b/n on input line 150.
LaTeX Info: Redefining \. on input line 150.
LaTeX Info: Redefining \% on input line 150.

*geometry* driver: auto-detecting
*geometry* detected driver: luatex
*geometry* verbose mode - [ preamble ] result:
* driver: luatex
* paper: a4paper
* layout: <same size as paper>
* layoutoffset:(h,v)=(0.0pt,0.0pt)
* modes: 
* h-part:(L,W,R)=(71.13188pt, 455.24411pt, 71.13188pt)
* v-part:(T,H,B)=(56.9055pt, 717.00946pt, 71.13188pt)
* \paperwidth=597.50787pt
* \paperheight=845.04684pt
* \textwidth=455.24411pt
* \textheight=717.00946pt
* \oddsidemargin=-1.1381pt
* \evensidemargin=-1.1381pt
* \topmargin=-52.36449pt
* \headheight=13.68802pt
* \headsep=25.0pt
* \topskip=12.0pt
* \footskip=30.0pt
* \marginparwidth=35.0pt
* \marginparsep=10.0pt
* \columnsep=10.0pt
* \skip\footins=10.8pt plus 4.0pt minus 2.0pt
* \hoffset=0.0pt
* \voffset=0.0pt
* \mag=1000
* \@twocolumnfalse
* \@twosidefalse
* \@mparswitchfalse
* \@reversemarginfalse
* (1in=72.27pt=25.4mm, 1cm=28.453pt)

Couldn't patch \ttl@straight@ii
Couldn't patch \ttl@straight@ii

(C:/Users/cosas/AppData/Local/Programs/MiKTeX/tex/context/base/mkii/supp-pdf.mk
ii
[Loading MPS to PDF converter (version 2006.09.02).]
\scratchcounter=\count335
\scratchdimen=\dimen196
\scratchbox=\box108
\nofMPsegments=\count336
\nofMParguments=\count337
\everyMPshowfont=\toks25
\MPscratchCnt=\count338
\MPscratchDim=\dimen197
\MPnumerator=\count339
\makeMPintoPDFobject=\count340
\everyMPtoPDFconversion=\toks26
)
(C:/Users/cosas/AppData/Local/Programs/MiKTeX/tex/latex/epstopdf-pkg/epstopdf-b
ase.sty
Package: epstopdf-base 2020-01-24 v2.11 Base part for package epstopdf
Package epstopdf-base Info: Redefining graphics rule for `.eps' on input line 4
85.

(C:/Users/cosas/AppData/Local/Programs/MiKTeX/tex/latex/00miktex/epstopdf-sys.c
fg
File: epstopdf-sys.cfg 2021/03/18 v2.0 Configuration of epstopdf for MiKTeX
))
Package hyperref Info: Link coloring ON on input line 150.
 (./main.out) (./main.out)
\@outlinefile=\write3

\openout3 = main.out
LaTeX Font Info:    External font `cmex10' loaded for size
(Font)              <14.4> on input line 158.
LaTeX Font Info:    External font `cmex10' loaded for size
(Font)              <7> on input line 158.
 [1{C:/Users/cosas/AppData/Local/MiKTeX/fonts/map/pdftex/pdftex.map}

] (./main.toc
LaTeX Info: Redefining \. on input line 1.
LaTeX Info: Redefining \% on input line 1.
)
\tf@toc=\write4

\openout4 = main.toc

warning  (pdf backend): ignoring duplicate destination with the name 'page.1'
[1

] (./mediosContraste.tex
Capítulo 1.
LaTeX Font Info:    External font `cmex10' loaded for size
(Font)              <12> on input line 23.
LaTeX Font Info:    External font `cmex10' loaded for size
(Font)              <8> on input line 23.
LaTeX Font Info:    External font `cmex10' loaded for size
(Font)              <6> on input line 23.
[2

]
LaTeX Font Info:    External font `cmex10' loaded for size
(Font)              <5> on input line 64.

Underfull \hbox (badness 10000) in paragraph at lines 88--88
[]|\TU/TimesNewRoman(0)/b/n/12 Ul-tra-so-ni-do
 []


Underfull \hbox (badness 10000) in paragraph at lines 90--90
[]|\TU/TimesNewRoman(0)/b/n/12 An-gio-gra-fía
 []

LaTeX Info: Redefining \. on input line 103.
LaTeX Info: Redefining \% on input line 103.
Package babel Info: 'spanish' activates 'spanish' shorthands.
(babel)             Reported on input line 103.
[3]
Underfull \hbox (badness 10000) in paragraph at lines 117--117
[]|\TU/TimesNewRoman(0)/m/n/12 OSM
 []

LaTeX Info: Redefining \. on input line 157.
LaTeX Info: Redefining \% on input line 157.
[4]
Underfull \hbox (badness 10000) in paragraph at lines 172--172
[]|\TU/TimesNewRoman(0)/m/n/12 Au-to-li-mi-ta-das. Ob-ser-va-
 []


Underfull \hbox (badness 6893) in paragraph at lines 172--172
\TU/TimesNewRoman(0)/m/n/12 reos, exan-te-ma, con-ges-tión
 []


Underfull \hbox (badness 4036) in paragraph at lines 174--174
[]|\TU/TimesNewRoman(0)/m/n/12 Bron-co-es-pas-mo, dis-nea, ta-
 []


Underfull \hbox (badness 3333) in paragraph at lines 174--174
\TU/TimesNewRoman(0)/m/n/12 qui-car-dia, ur-ti-ca-ria ex-ten-sa,
 []


Underfull \hbox (badness 1584) in paragraph at lines 176--177
[]|\TU/TimesNewRoman(0)/m/n/12 Ede-ma la-rín-geo, shock, pa-
 []


Underfull \hbox (badness 7486) in paragraph at lines 176--177
\TU/TimesNewRoman(0)/m/n/12 ro car-dio-rres-pi-ra-to-rio, con-
 []

LaTeX Info: Redefining \. on input line 206.
LaTeX Info: Redefining \% on input line 206.
[5]
LaTeX Info: Redefining \. on input line 261.
LaTeX Info: Redefining \% on input line 261.
 [6

]) (./cistografia.tex
LaTeX Info: Redefining \. on input line 12.
LaTeX Info: Redefining \% on input line 12.
 [7

]
Capítulo 2.
[8

]
LaTeX Info: Redefining \. on input line 114.
LaTeX Info: Redefining \% on input line 114.
 [9]
LaTeX Info: Redefining \. on input line 150.
LaTeX Info: Redefining \% on input line 150.
 [10

]
Underfull \hbox (badness 10000) in paragraph at lines 164--164
[]|\TU/TimesNewRoman(0)/b/n/12 Apa-ra-to uri-na-rio
 []


Underfull \hbox (badness 1596) in paragraph at lines 164--164
[]|\TU/TimesNewRoman(0)/m/n/12 Cuer-pos ex-tra-ños, cal-ci-fi-ca-cio-
 []


Underfull \hbox (badness 1406) in paragraph at lines 166--166
[]|\TU/TimesNewRoman(0)/m/n/12 Ana-to-mía ure-tral; es-te-no-sis de
 []


Underfull \hbox (badness 1062) in paragraph at lines 170--170
\TU/TimesNewRoman(0)/b/n/12 lle-na) su-pino y de
 []


Underfull \hbox (badness 6625) in paragraph at lines 170--170
\TU/TimesNewRoman(0)/m/n/12 fec-tos de lle-na-do, ca-pa-ci-dad,
 []


Underfull \hbox (badness 10000) in paragraph at lines 176--177
[]|\TU/TimesNewRoman(0)/m/n/12 Ve-ri-fi-ca-ción de eli-mi-na-ción
 []


Underfull \hbox (badness 6094) in paragraph at lines 176--177
\TU/TimesNewRoman(0)/m/n/12 del con-tras-te; re-si-duo $\OML/cmm/m/it/12 >$\TU/
TimesNewRoman(0)/m/n/12 30$ $%
 []


Underfull \hbox (badness 10000) in paragraph at lines 176--177
\TU/TimesNewRoman(0)/m/n/12 es anor-mal. Fluo-ros-co-pia de
 []

<imagenes/cisto1.png, id=116, 561.09625pt x 571.13374pt>
File: imagenes/cisto1.png Graphic file (type png)
<use imagenes/cisto1.png>
Package luatex.def Info: imagenes/cisto1.png  used on input line 184.
(luatex.def)             Requested size: 227.62206pt x 231.69135pt.
<imagenes/Cisto 2.png, id=117, 463.7325pt x 478.78876pt>
File: imagenes/Cisto 2.png Graphic file (type png)
<use imagenes/Cisto 2.png>
Package luatex.def Info: imagenes/Cisto 2.png  used on input line 191.
(luatex.def)             Requested size: 227.62206pt x 235.01765pt.
<imagenes/cisto4.png, id=118, 630.85687pt x 273.27094pt>
File: imagenes/cisto4.png Graphic file (type png)
<use imagenes/cisto4.png>
Package luatex.def Info: imagenes/cisto4.png  used on input line 198.
(luatex.def)             Requested size: 455.24411pt x 197.20107pt.
<imagenes/cisto5.png, id=119, 461.725pt x 460.72125pt>
File: imagenes/cisto5.png Graphic file (type png)
<use imagenes/cisto5.png>
Package luatex.def Info: imagenes/cisto5.png  used on input line 205.
(luatex.def)             Requested size: 227.62206pt x 227.12624pt.
LaTeX Info: Redefining \. on input line 210.
LaTeX Info: Redefining \% on input line 210.
[11

<./imagenes/cisto1.png>]
LaTeX Info: Redefining \. on input line 210.
LaTeX Info: Redefining \% on input line 210.
 [12<./imagenes/Cisto 2.png><./imagenes/cisto4.png>]
LaTeX Info: Redefining \. on input line 210.
LaTeX Info: Redefining \% on input line 210.
[13<./imagenes/cisto5.png>]
Underfull \hbox (badness 10000) in paragraph at lines 218--219

 []

<imagenes/cisto estenosis.png, id=137, 783.67781pt x 330.48468pt>
File: imagenes/cisto estenosis.png Graphic file (type png)
<use imagenes/cisto estenosis.png>
Package luatex.def Info: imagenes/cisto estenosis.png  used on input line 227.
(luatex.def)             Requested size: 455.24411pt x 191.98381pt.
<imagenes/cisto reflujo.png, id=138, 898.85812pt x 371.13657pt>
File: imagenes/cisto reflujo.png Graphic file (type png)
<use imagenes/cisto reflujo.png>
Package luatex.def Info: imagenes/cisto reflujo.png  used on input line 238.
(luatex.def)             Requested size: 455.24411pt x 187.96896pt.
LaTeX Info: Redefining \. on input line 243.
LaTeX Info: Redefining \% on input line 243.
[14

<./imagenes/cisto estenosis.png><./imagenes/cisto reflujo.png>]
<imagenes/cisto fistulas.png, id=147, 951.555pt x 490.83376pt>
File: imagenes/cisto fistulas.png Graphic file (type png)
<use imagenes/cisto fistulas.png>
Package luatex.def Info: imagenes/cisto fistulas.png  used on input line 249.
(luatex.def)             Requested size: 455.24411pt x 234.8261pt.
<imagenes/diverticulo.png, id=148, 842.39719pt x 325.96782pt>
File: imagenes/diverticulo.png Graphic file (type png)
<use imagenes/diverticulo.png>
Package luatex.def Info: imagenes/diverticulo.png  used on input line 260.
(luatex.def)             Requested size: 455.24411pt x 176.15926pt.
LaTeX Info: Redefining \. on input line 268.
LaTeX Info: Redefining \% on input line 268.
 [15<./imagenes/cisto fistulas.png><./imagenes/diverticulo.png>]
<cistocele.png, id=157, 657.2053pt x 479.54156pt>
File: cistocele.png Graphic file (type png)
<use cistocele.png>
Package luatex.def Info: cistocele.png  used on input line 271.
(luatex.def)             Requested size: 455.24411pt x 332.17918pt.
LaTeX Info: Redefining \. on input line 276.
LaTeX Info: Redefining \% on input line 276.
 [16<./cistocele.png>])
(./histero.tex
LaTeX Info: Redefining \. on input line 12.
LaTeX Info: Redefining \% on input line 12.
 [17

]
Capítulo 3.
[18

]
LaTeX Info: Redefining \. on input line 97.
LaTeX Info: Redefining \% on input line 97.
 [19

]
LaTeX Info: Redefining \. on input line 110.
LaTeX Info: Redefining \% on input line 110.
 [20

]
LaTeX Info: Redefining \. on input line 159.
LaTeX Info: Redefining \% on input line 159.
 [21

]
<imagenes/hist1.png, id=195, 606.265pt x 488.82625pt>
File: imagenes/hist1.png Graphic file (type png)
<use imagenes/hist1.png>
Package luatex.def Info: imagenes/hist1.png  used on input line 162.
(luatex.def)             Requested size: 227.62206pt x 183.53316pt.
<imagenes/hist2.png, id=196, 528.97626pt x 505.89pt>
File: imagenes/hist2.png Graphic file (type png)
<use imagenes/hist2.png>
Package luatex.def Info: imagenes/hist2.png  used on input line 169.
(luatex.def)             Requested size: 227.62206pt x 217.68283pt.
<imagenes/hist3.png, id=197, 578.16pt x 491.8375pt>
File: imagenes/hist3.png Graphic file (type png)
<use imagenes/hist3.png>
Package luatex.def Info: imagenes/hist3.png  used on input line 176.
(luatex.def)             Requested size: 227.62206pt x 193.63202pt.
<imagenes/hist4.png, id=198, 973.38657pt x 374.14781pt>
File: imagenes/hist4.png Graphic file (type png)
<use imagenes/hist4.png>
Package luatex.def Info: imagenes/hist4.png  used on input line 183.
(luatex.def)             Requested size: 455.24411pt x 174.9817pt.
<imagenes/hist5.png, id=199, 620.3175pt x 499.8675pt>
File: imagenes/hist5.png Graphic file (type png)
<use imagenes/hist5.png>
Package luatex.def Info: imagenes/hist5.png  used on input line 190.
(luatex.def)             Requested size: 227.62206pt x 183.4226pt.
<imagenes/hist6.png, id=200, 644.4075pt x 505.89pt>
File: imagenes/hist6.png Graphic file (type png)
<use imagenes/hist6.png>
Package luatex.def Info: imagenes/hist6.png  used on input line 197.
(luatex.def)             Requested size: 227.62206pt x 178.6929pt.
LaTeX Info: Redefining \. on input line 202.
LaTeX Info: Redefining \% on input line 202.
 [22<./imagenes/hist1.png><./imagenes/hist2.png><./imagenes/hist3.png>]
LaTeX Info: Redefining \. on input line 202.
LaTeX Info: Redefining \% on input line 202.
 [23<./imagenes/hist4.png><./imagenes/hist5.png><./imagenes/hist6.png>]
<imagenes/espasmo tubarico.png, id=216, 464.73625pt x 462.72874pt>
File: imagenes/espasmo tubarico.png Graphic file (type png)
<use imagenes/espasmo tubarico.png>
Package luatex.def Info: imagenes/espasmo tubarico.png  used on input line 215.

(luatex.def)             Requested size: 227.62206pt x 226.63315pt.

Underfull \hbox (badness 2351) in paragraph at lines 229--229
[]|\TU/TimesNewRoman(0)/m/n/12 Au-sen-cia de de-sa-rro-llo de un
 []


Underfull \hbox (badness 3158) in paragraph at lines 229--229
[]|\TU/TimesNewRoman(0)/m/n/12 Una so-la ca-vi-dad con una
 []


Underfull \hbox (badness 7099) in paragraph at lines 229--229
\TU/TimesNewRoman(0)/m/n/12 trom-pa; ca-vi-dad y trom-pa
 []


Underfull \hbox (badness 3919) in paragraph at lines 231--231
[]|\TU/TimesNewRoman(0)/m/n/12 Dos ca-vi-da-des ute-ri-nas in-
 []


Underfull \hbox (badness 4467) in paragraph at lines 231--231
\TU/TimesNewRoman(0)/m/n/12 de-pen-dien-tes con dos cue-
 []


Underfull \hbox (badness 3343) in paragraph at lines 231--231
\TU/TimesNewRoman(0)/m/n/12 llos; re-quie-re ca-te-te-ri-za-ción
 []

<imagenes/unicorne.png, id=217, 389.455pt x 314.17375pt>
File: imagenes/unicorne.png Graphic file (type png)
<use imagenes/unicorne.png>
Package luatex.def Info: imagenes/unicorne.png  used on input line 242.
(luatex.def)             Requested size: 227.62206pt x 183.62071pt.
<imagenes/didelfo.png, id=218, 377.41pt x 283.0575pt>
File: imagenes/didelfo.png Graphic file (type png)
<use imagenes/didelfo.png>
Package luatex.def Info: imagenes/didelfo.png  used on input line 249.
(luatex.def)             Requested size: 227.62206pt x 170.71689pt.
<imagenes/bicorne.png, id=219, 694.84593pt x 325.215pt>
File: imagenes/bicorne.png Graphic file (type png)
<use imagenes/bicorne.png>
Package luatex.def Info: imagenes/bicorne.png  used on input line 256.
(luatex.def)             Requested size: 227.62206pt x 106.53226pt.
<imagenes/septado.png, id=220, 561.09625pt x 298.11375pt>
File: imagenes/septado.png Graphic file (type png)
<use imagenes/septado.png>
Package luatex.def Info: imagenes/septado.png  used on input line 263.
(luatex.def)             Requested size: 455.24411pt x 241.87111pt.
LaTeX Info: Redefining \. on input line 268.
LaTeX Info: Redefining \% on input line 268.
[24


<./imagenes/espasmo tubarico.png>]
LaTeX Info: Redefining \. on input line 268.
LaTeX Info: Redefining \% on input line 268.
 [25<./imagenes/unicorne.png><./imagenes/didelfo.png><./imagenes/bicorne.png>]
LaTeX Info: Redefining \. on input line 268.
LaTeX Info: Redefining \% on input line 268.
 [26<./imagenes/septado.png>]
Package mdframed Info: Not enough space on this page on input line 272.
)
("./urologia intra.tex"
LaTeX Info: Redefining \. on input line 7.
LaTeX Info: Redefining \% on input line 7.
 [27

]
Capítulo 4.
[28

]
Underfull \hbox (badness 1033) in paragraph at lines 71--71
[]|\TU/TimesNewRoman(0)/b/n/12 Li-to-tri-cia en-dos-có-
 []


Underfull \hbox (badness 10000) in paragraph at lines 71--71
[]|\TU/TimesNewRoman(0)/m/n/12 Frag-men-ta-ción y ex-trac-ción de
 []


Underfull \hbox (badness 3333) in paragraph at lines 73--73
[]|\TU/TimesNewRoman(0)/b/n/12 Li-to-tri-cia per-cu-tá-
 []

LaTeX Info: Redefining \. on input line 78.
LaTeX Info: Redefining \% on input line 78.
[29

]
Underfull \hbox (badness 10000) in paragraph at lines 102--103

 []


Underfull \hbox (badness 10000) in paragraph at lines 118--119

 []

Package mdframed Info: Not enough space on this page on input line 123.
LaTeX Info: Redefining \. on input line 123.
LaTeX Info: Redefining \% on input line 123.
[30

]
Package mdframed Info: Not enough space on this page on input line 123.
<imagenes/dobleJ.png, id=264, 518.93875pt x 645.41125pt>
File: imagenes/dobleJ.png Graphic file (type png)
<use imagenes/dobleJ.png>
Package luatex.def Info: imagenes/dobleJ.png  used on input line 127.
(luatex.def)             Requested size: 227.62206pt x 283.09549pt.
LaTeX Info: Redefining \. on input line 132.
LaTeX Info: Redefining \% on input line 132.
 [31<./imagenes/dobleJ.png>]
LaTeX Info: Redefining \. on input line 171.
LaTeX Info: Redefining \% on input line 171.
 [32

]
<imagenes/puncionRenal.png, id=274, 586.19pt x 613.29124pt>
File: imagenes/puncionRenal.png Graphic file (type png)
<use imagenes/puncionRenal.png>
Package luatex.def Info: imagenes/puncionRenal.png  used on input line 181.
(luatex.def)             Requested size: 227.62206pt x 238.14388pt.
<imagenes/anterograda.png, id=275, 1075.01625pt x 526.21594pt>
File: imagenes/anterograda.png Graphic file (type png)
<use imagenes/anterograda.png>
Package luatex.def Info: imagenes/anterograda.png  used on input line 190.
(luatex.def)             Requested size: 455.24411pt x 222.83989pt.
LaTeX Info: Redefining \. on input line 195.
LaTeX Info: Redefining \% on input line 195.
 [33

<./imagenes/puncionRenal.png><./imagenes/anterograda.png>]
<imagenes/guia.png, id=286, 1078.0275pt x 526.21594pt>
File: imagenes/guia.png Graphic file (type png)
<use imagenes/guia.png>
Package luatex.def Info: imagenes/guia.png  used on input line 202.
(luatex.def)             Requested size: 455.24411pt x 222.22162pt.
<imagenes/dilatadores.png, id=287, 1084.05pt x 545.03625pt>
File: imagenes/dilatadores.png Graphic file (type png)
<use imagenes/dilatadores.png>
Package luatex.def Info: imagenes/dilatadores.png  used on input line 212.
(luatex.def)             Requested size: 455.24411pt x 228.88872pt.
LaTeX Info: Redefining \. on input line 217.
LaTeX Info: Redefining \% on input line 217.
 [34

<./imagenes/guia.png><./imagenes/dilatadores.png>]
<screenshot001.png, id=298, 1066.7353pt x 529.98pt>
File: screenshot001.png Graphic file (type png)
<use screenshot001.png>
Package luatex.def Info: screenshot001.png  used on input line 223.
(luatex.def)             Requested size: 455.24411pt x 226.17253pt.
<pielografia final.png, id=299, 535.2497pt x 544.28343pt>
File: pielografia final.png Graphic file (type png)
<use pielografia final.png>
Package luatex.def Info: pielografia final.png  used on input line 234.
(luatex.def)             Requested size: 227.62206pt x 231.46274pt.
LaTeX Info: Redefining \. on input line 241.
LaTeX Info: Redefining \% on input line 241.

[35

<./screenshot001.png><./pielografia final.png>]
Package mdframed Info: Not enough space on this page on input line 245.

Underfull \hbox (badness 10000) in paragraph at lines 247--248

 []

LaTeX Info: Redefining \. on input line 253.
LaTeX Info: Redefining \% on input line 253.
[36

]
LaTeX Info: Redefining \. on input line 295.
LaTeX Info: Redefining \% on input line 295.
 [37

]
Package mdframed Info: Not enough space on this page on input line 299.

Underfull \hbox (badness 10000) in paragraph at lines 301--302

 []


Underfull \hbox (badness 3029) in paragraph at lines 323--323
[]|\TU/TimesNewRoman(0)/b/n/12 La-do del li-cen-
 []


Underfull \hbox (badness 10000) in paragraph at lines 329--329
[]|\TU/TimesNewRoman(0)/b/n/12 Com-ple-ji-dad
 []


Overfull \hbox (8.78535pt too wide) in paragraph at lines 315--332
 [] 
 []

LaTeX Info: Redefining \. on input line 335.
LaTeX Info: Redefining \% on input line 335.
[38

]) (./gastro.tex
LaTeX Info: Redefining \. on input line 8.
LaTeX Info: Redefining \% on input line 8.
 [39

]
Capítulo 5.
[40

]
Underfull \hbox (badness 4752) in paragraph at lines 57--57
[]|\TU/TimesNewRoman(0)/b/n/12 Yo-da-do hi-dro-so-lu-
 []


Underfull \hbox (badness 1975) in paragraph at lines 57--58
[]|\TU/TimesNewRoman(0)/m/n/12 Post-ope-ra-to-rios, sos-pe-cha
 []


Underfull \hbox (badness 3895) in paragraph at lines 57--58
\TU/TimesNewRoman(0)/m/n/12 de per-fo-ra-ción/fu-ga/fís-tu-
 []


Underfull \hbox (badness 10000) in paragraph at lines 62--64

 []

LaTeX Info: Redefining \. on input line 91.
LaTeX Info: Redefining \% on input line 91.
[41]
LaTeX Info: Redefining \. on input line 112.
LaTeX Info: Redefining \% on input line 112.
 [42]
Underfull \hbox (badness 2469) in paragraph at lines 122--122
[]|\TU/TimesNewRoman(0)/b/n/12 Bi-pe-des-ta-ción per-
 []


Underfull \hbox (badness 10000) in paragraph at lines 124--124
[]|\TU/TimesNewRoman(0)/b/n/12 Bi-pe-des-ta-ción
 []


Underfull \hbox (badness 2990) in paragraph at lines 124--124
[]|\TU/TimesNewRoman(0)/m/n/12 Pa-cien-te apo-ya hom-bro iz-
 []


Underfull \hbox (badness 10000) in paragraph at lines 128--128
[]|\TU/TimesNewRoman(0)/b/n/12 De-cú-bi-to su-pino
 []


Underfull \hbox (badness 10000) in paragraph at lines 132--132
[]|\TU/TimesNewRoman(0)/b/n/12 De-cú-bi-to OAI +
 []


Underfull \hbox (badness 3503) in paragraph at lines 132--132
[]|\TU/TimesNewRoman(0)/m/n/12 Pa-cien-te gi-ra ha-cia su de-
 []


Underfull \hbox (badness 10000) in paragraph at lines 134--134
[]|\TU/TimesNewRoman(0)/b/n/12 De-cú-bi-to prono /
 []


Underfull \hbox (badness 1655) in paragraph at lines 134--134
\TU/TimesNewRoman(0)/m/n/12 den-te, ho-ri-zon-tal, as-cen-den-
 []


Underfull \hbox (badness 3271) in paragraph at lines 136--136
[]|\TU/TimesNewRoman(0)/b/n/12 De-cú-bi-to OAD fi-
 []

LaTeX Info: Redefining \. on input line 155.
LaTeX Info: Redefining \% on input line 155.
[43

]
Underfull \hbox (badness 10000) in paragraph at lines 194--195

 []

LaTeX Info: Redefining \. on input line 195.
LaTeX Info: Redefining \% on input line 195.
[44

]
LaTeX Info: Redefining \. on input line 244.
LaTeX Info: Redefining \% on input line 244.
 [45]
Underfull \hbox (badness 2293) in paragraph at lines 254--254
[]|\TU/TimesNewRoman(0)/m/n/12 Dis-fa-gia al-ta, re-gur-gi-ta-ción,
 []


Underfull \hbox (badness 2781) in paragraph at lines 256--256
[]|\TU/TimesNewRoman(0)/m/n/12 De-fec-to de lle-na-do, bor-des
 []


Underfull \hbox (badness 1199) in paragraph at lines 256--256
\TU/TimesNewRoman(0)/m/n/12 ria (sin on-das pe-ris-tál-ti-cas),
 []


Underfull \hbox (badness 1635) in paragraph at lines 256--256
[]|\TU/TimesNewRoman(0)/m/n/12 Dis-fa-gia pro-gre-si-va: só-li-dos
 []

LaTeX Info: Redefining \. on input line 286.
LaTeX Info: Redefining \% on input line 286.
[46]
Underfull \hbox (badness 10000) in paragraph at lines 300--301

 []

) (./vias_biliares.tex
LaTeX Info: Redefining \. on input line 7.
LaTeX Info: Redefining \% on input line 7.
 [47]
Capítulo 6.
[48

]
Underfull \hbox (badness 10000) in paragraph at lines 54--54
[]|\TU/TimesNewRoman(0)/m/n/12 Mis-ma téc-ni-ca ra-dio-ló-gi-ca que
 []


Underfull \hbox (badness 10000) in paragraph at lines 56--56
[]|\TU/TimesNewRoman(0)/m/n/12 In-ter-ven-ción mix-ta endoscópica-
 []


Underfull \hbox (badness 10000) in paragraph at lines 58--58
[]|\TU/TimesNewRoman(0)/b/n/12 Vía bi-liar intra-
 []

LaTeX Info: Redefining \. on input line 102.
LaTeX Info: Redefining \% on input line 102.
[49]
LaTeX Info: Redefining \. on input line 148.
LaTeX Info: Redefining \% on input line 148.
 [50]
Underfull \hbox (badness 2435) in paragraph at lines 170--170
[]|\TU/TimesNewRoman(0)/b/n/12 Mo-ni-tor de en-dos-co-
 []


Underfull \hbox (badness 10000) in paragraph at lines 214--214
\TU/TimesNewRoman(0)/b/n/12 me-tá-li-co au-to-ex-
 []

LaTeX Info: Redefining \. on input line 219.
LaTeX Info: Redefining \% on input line 219.
[51

]
LaTeX Info: Redefining \. on input line 256.
LaTeX Info: Redefining \% on input line 256.
 [52]
Underfull \hbox (badness 1881) in paragraph at lines 269--269
[]|\TU/TimesNewRoman(0)/m/n/12 Pa-cien-tes con me-jor con-di-
 []


Underfull \hbox (badness 10000) in paragraph at lines 271--271
[]|\TU/TimesNewRoman(0)/b/n/12 Stent me-tá-li-co +
 []


Underfull \hbox (badness 2932) in paragraph at lines 271--271
[]|\TU/TimesNewRoman(0)/m/n/12 En-do-pró-te-sis au-to-ex-pan-si-ble
 []

LaTeX Info: Redefining \. on input line 310.
LaTeX Info: Redefining \% on input line 310.
[53]) (./cateteres.tex
LaTeX Info: Redefining \. on input line 8.
LaTeX Info: Redefining \% on input line 8.
 [54]
Capítulo 7.
[55

]
Underfull \hbox (badness 10000) in paragraph at lines 56--56
[]|\TU/TimesNewRoman(0)/m/n/12 Son-da fle-xi-ble; yu-gu-lar
 []


Underfull \hbox (badness 10000) in paragraph at lines 58--58
[]|\TU/TimesNewRoman(0)/b/n/12 Ca-té-ter Do-ble
 []


Underfull \hbox (badness 5475) in paragraph at lines 58--58
[]|\TU/TimesNewRoman(0)/m/n/12 Tran-si-to-rio, cor-ta du-ra-ción.
 []


Underfull \hbox (badness 2111) in paragraph at lines 60--60
[]|\TU/TimesNewRoman(0)/m/n/12 Si-li-co-na, sub-cu-tá-neo, ra-dio-
 []


Underfull \hbox (badness 8094) in paragraph at lines 64--64
[]|\TU/TimesNewRoman(0)/m/n/12 Im-plan-ta-ble con re-ser-vo-rio
 []


Underfull \hbox (badness 1546) in paragraph at lines 64--64
\TU/TimesNewRoman(0)/m/n/12 de si-li-co-na en bol-si-llo pre-
 []


Underfull \hbox (badness 10000) in paragraph at lines 66--66
[]|\TU/TimesNewRoman(0)/m/n/12 Anas-to-mo-sis qui-rúr-gi-ca
 []

LaTeX Info: Redefining \. on input line 102.
LaTeX Info: Redefining \% on input line 102.
[56

]
<imagenes/puncion_ecoguiada.png, id=444, 917.67844pt x 417.05812pt>
File: imagenes/puncion_ecoguiada.png Graphic file (type png)
<use imagenes/puncion_ecoguiada.png>
Package luatex.def Info: imagenes/puncion_ecoguiada.png  used on input line 119
.
(luatex.def)             Requested size: 318.66948pt x 144.82704pt.
<imagenes/guias_dilatador.png, id=445, 1178.15157pt x 453.94594pt>
File: imagenes/guias_dilatador.png Graphic file (type png)
<use imagenes/guias_dilatador.png>
Package luatex.def Info: imagenes/guias_dilatador.png  used on input line 128.
(luatex.def)             Requested size: 318.66948pt x 122.78175pt.
<imagenes/retiro _guia.png, id=446, 1195.46625pt x 426.84468pt>
File: imagenes/retiro _guia.png Graphic file (type png)
<use imagenes/retiro _guia.png>
Package luatex.def Info: imagenes/retiro _guia.png  used on input line 138.
(luatex.def)             Requested size: 318.66948pt x 113.78415pt.
LaTeX Info: Redefining \. on input line 141.
LaTeX Info: Redefining \% on input line 141.
 [57<./imagenes/puncion_ecoguiada.png><./imagenes/guias_dilatador.png>]
<imagenes/tunelizado_hickman.png, id=458, 1206.00563pt x 442.65375pt>
File: imagenes/tunelizado_hickman.png Graphic file (type png)
<use imagenes/tunelizado_hickman.png>
Package luatex.def Info: imagenes/tunelizado_hickman.png  used on input line 16
0.
(luatex.def)             Requested size: 318.66948pt x 116.96495pt.
<imagenes/tunelizado_hickman2.png, id=459, 1175.14032pt x 466.74374pt>
File: imagenes/tunelizado_hickman2.png Graphic file (type png)
<use imagenes/tunelizado_hickman2.png>
Package luatex.def Info: imagenes/tunelizado_hickman2.png  used on input line 1
67.
(luatex.def)             Requested size: 318.66948pt x 126.57088pt.
LaTeX Info: Redefining \. on input line 174.
LaTeX Info: Redefining \% on input line 174.

[58<./imagenes/retiro _guia.png><./imagenes/tunelizado_hickman.png><./imagenes/t
unelizado_hickman2.png>]
<imagenes/gemelar1.png, id=476, 983.92593pt x 400.49625pt>
File: imagenes/gemelar1.png Graphic file (type png)
<use imagenes/gemelar1.png>
Package luatex.def Info: imagenes/gemelar1.png  used on input line 190.
(luatex.def)             Requested size: 455.24411pt x 185.29994pt.
<imagenes/gemelar2.png, id=477, 1056.19594pt x 399.74344pt>
File: imagenes/gemelar2.png Graphic file (type png)
<use imagenes/gemelar2.png>
Package luatex.def Info: imagenes/gemelar2.png  used on input line 197.
(luatex.def)             Requested size: 455.24411pt x 172.29498pt.
LaTeX Info: Redefining \. on input line 208.
LaTeX Info: Redefining \% on input line 208.
 [59<./imagenes/gemelar1.png><./imagenes/gemelar2.png>]
<imagenes/portacath.png, id=487, 1114.91531pt x 421.575pt>
File: imagenes/portacath.png Graphic file (type png)
<use imagenes/portacath.png>
Package luatex.def Info: imagenes/portacath.png  used on input line 216.
(luatex.def)             Requested size: 455.24411pt x 172.13283pt.
LaTeX Info: Redefining \. on input line 230.
LaTeX Info: Redefining \% on input line 230.
 [60<./imagenes/portacath.png>]
<imagenes/fistulo.png, id=500, 1159.33125pt x 438.13687pt>
File: imagenes/fistulo.png Graphic file (type png)
<use imagenes/fistulo.png>
Package luatex.def Info: imagenes/fistulo.png  used on input line 253.
(luatex.def)             Requested size: 455.24411pt x 172.04263pt.
LaTeX Info: Redefining \. on input line 273.
LaTeX Info: Redefining \% on input line 273.
 [61

<./imagenes/fistulo.png>])
LaTeX Info: Redefining \. on input line 173.
LaTeX Info: Redefining \% on input line 173.
 [62

] (./main.aux
LaTeX Info: Redefining \. on input line 12.
LaTeX Info: Redefining \% on input line 12.
)
 ***********
LaTeX2e <2025-11-01>
L3 programming layer <2025-12-24>
 ***********
Package rerunfilecheck Info: File `main.out' has not changed.
(rerunfilecheck)             Checksum: A100CE536092D18A1DCDB3790D12192C;1095.
)
(\end occurred inside a group at level 2)

### simple group (level 2) entered at line 61 ({)
### simple group (level 1) entered at line 216 ({)
### bottom level

Here is how much of LuaTeX's memory you used:
 16679 strings out of 476081
 125086,953878 words of node,token memory allocated
 717 words of node memory still in use:
   4 hlist, 1 vlist, 1 rule, 4 glue, 3 kern, 1 glyph, 7 attribute, 104 glue_spec
, 5 attribute_list, 1 write nodes
   avail lists: 1:1,2:1217,3:313,4:156,5:218,6:109,7:7022,8:5,9:812,10:19,11:102
9,12:1
 38475 multiletter control sequences out of 65536+600000
 66 fonts using 22731239 bytes
 73i,13n,92p,1132b,1008s stack positions out of 10000i,1000n,20000p,200000b,200000s
<C:/WINDOWS/Fonts/timesi.ttf><C:/WINDOWS/Fonts/timesbd.ttf><C:/WINDOWS/Fonts/tim
es.ttf><C:/Users/cosas/AppData/Local/Programs/MiKTeX/fonts/type1/public/amsfonts
/cm/cmmi12.pfb><C:/Users/cosas/AppData/Local/Programs/MiKTeX/fonts/type1/public/
amsfonts/cm/cmr12.pfb><C:/Users/cosas/AppData/Local/Programs/MiKTeX/fonts/type1/
public/amsfonts/cm/cmr8.pfb><C:/Users/cosas/AppData/Local/Programs/MiKTeX/fonts/
type1/public/amsfonts/cm/cmsy10.pfb><C:/Users/cosas/AppData/Local/Programs/MiKTe
X/fonts/type1/public/amsfonts/cm/cmsy7.pfb><C:/Users/cosas/AppData/Local/Program
s/MiKTeX/fonts/type1/public/amsfonts/cm/cmsy8.pfb>
Output written on main.pdf (63 pages, 22840399 bytes).

PDF statistics: 566 PDF objects out of 1000 (max. 8388607)
 224 named destinations out of 1000 (max. 1048576)
 57 words of extra memory for PDF output out of 10000 (max. 100000000)

